17:09:36:159  INFO 7988 --- [main] com.cstery.product.ProductApplication    : Starting ProductApplication using Java 17.0.9 on DESKTOP-0KBKC9H with PID 7988 (E:\coding\idea_program_file\myProject\chengstery-mall\product-service\target\classes started by win10 in E:\coding\idea_program_file\myProject\chengstery-mall)
17:09:36:163  INFO 7988 --- [main] com.cstery.product.ProductApplication    : The following 1 profile is active: "dev"
17:09:37:691  INFO 7988 --- [main] .s.d.r.c.RepositoryConfigurationDelegate : Multiple Spring Data modules found, entering strict repository configuration mode
17:09:37:695  INFO 7988 --- [main] .s.d.r.c.RepositoryConfigurationDelegate : Bootstrapping Spring Data Redis repositories in DEFAULT mode.
17:09:37:725  INFO 7988 --- [main] .s.d.r.c.RepositoryConfigurationDelegate : Finished Spring Data repository scanning in 12 ms. Found 0 Redis repository interfaces.
17:09:37:974  INFO 7988 --- [main] o.s.cloud.context.scope.GenericScope     : BeanFactory id=59336e99-c6ca-3d65-ac44-b2fde1897fa0
17:09:38:603  INFO 7988 --- [main] o.s.b.w.embedded.tomcat.TomcatWebServer  : Tomcat initialized with port(s): 8082 (http)
17:09:38:616  INFO 7988 --- [main] o.apache.catalina.core.StandardService   : Starting service [Tomcat]
17:09:38:616  INFO 7988 --- [main] org.apache.catalina.core.StandardEngine  : Starting Servlet engine: [Apache Tomcat/9.0.65]
17:09:38:779  INFO 7988 --- [main] o.a.c.c.C.[Tomcat].[localhost].[/]       : Initializing Spring embedded WebApplicationContext
17:09:38:779  INFO 7988 --- [main] w.s.c.ServletWebServerApplicationContext : Root WebApplicationContext: initialization completed in 2534 ms
17:09:39:270  INFO 7988 --- [main] c.a.d.s.b.a.DruidDataSourceAutoConfigure : Init DruidDataSource
17:09:39:418  INFO 7988 --- [main] com.alibaba.druid.pool.DruidDataSource   : {dataSource-1} inited
17:09:40:733  INFO 7988 --- [main] pertySourcedRequestMappingHandlerMapping : Mapped URL path [/v2/api-docs] onto method [springfox.documentation.swagger2.web.Swagger2ControllerWebMvc#getDocumentation(String, HttpServletRequest)]
17:09:41:355  INFO 7988 --- [main] com.alibaba.nacos.common.remote.client   : [RpcClientFactory] create a new rpc client of 649f5c56-45a6-42ae-b3b3-2a00e0bbb86c
17:09:41:459  INFO 7988 --- [main] org.reflections.Reflections              : Reflections took 47 ms to scan 1 urls, producing 3 keys and 6 values 
17:09:41:500  INFO 7988 --- [main] org.reflections.Reflections              : Reflections took 12 ms to scan 1 urls, producing 4 keys and 9 values 
17:09:41:514  INFO 7988 --- [main] org.reflections.Reflections              : Reflections took 9 ms to scan 1 urls, producing 3 keys and 10 values 
17:09:41:518  WARN 7988 --- [main] org.reflections.Reflections              : given scan urls are empty. set urls in the configuration
17:09:41:530  INFO 7988 --- [main] org.reflections.Reflections              : Reflections took 10 ms to scan 1 urls, producing 1 keys and 5 values 
17:09:41:545  INFO 7988 --- [main] org.reflections.Reflections              : Reflections took 9 ms to scan 1 urls, producing 1 keys and 7 values 
17:09:41:565  INFO 7988 --- [main] org.reflections.Reflections              : Reflections took 13 ms to scan 1 urls, producing 2 keys and 8 values 
17:09:41:568  WARN 7988 --- [main] org.reflections.Reflections              : given scan urls are empty. set urls in the configuration
17:09:41:572  INFO 7988 --- [main] com.alibaba.nacos.common.remote.client   : [649f5c56-45a6-42ae-b3b3-2a00e0bbb86c] RpcClient init label, labels = {module=naming, source=sdk}
17:09:41:576  INFO 7988 --- [main] com.alibaba.nacos.common.remote.client   : [649f5c56-45a6-42ae-b3b3-2a00e0bbb86c] RpcClient init, ServerListFactory = com.alibaba.nacos.client.naming.core.ServerListManager
17:09:41:576  INFO 7988 --- [main] com.alibaba.nacos.common.remote.client   : [649f5c56-45a6-42ae-b3b3-2a00e0bbb86c] Registry connection listener to current client:com.alibaba.nacos.client.naming.remote.gprc.redo.NamingGrpcRedoService
17:09:41:576  INFO 7988 --- [main] com.alibaba.nacos.common.remote.client   : [649f5c56-45a6-42ae-b3b3-2a00e0bbb86c] Register server push request handler:com.alibaba.nacos.client.naming.remote.gprc.NamingPushRequestHandler
17:09:41:580  INFO 7988 --- [main] com.alibaba.nacos.common.remote.client   : [649f5c56-45a6-42ae-b3b3-2a00e0bbb86c] Try to connect to server on start up, server: {serverIp = '192.168.88.156', server main port = 8848}
17:09:42:916  INFO 7988 --- [main] com.alibaba.nacos.common.remote.client   : [649f5c56-45a6-42ae-b3b3-2a00e0bbb86c] Success to connect to server [192.168.88.156:8848] on start up, connectionId = 1730970582626_192.168.88.147_54424
17:09:42:916  INFO 7988 --- [com.alibaba.nacos.client.remote.worker] com.alibaba.nacos.common.remote.client   : [649f5c56-45a6-42ae-b3b3-2a00e0bbb86c] Notify connected event to listeners.
17:09:42:916  INFO 7988 --- [main] com.alibaba.nacos.common.remote.client   : [649f5c56-45a6-42ae-b3b3-2a00e0bbb86c] Register server push request handler:com.alibaba.nacos.common.remote.client.RpcClient$ConnectResetRequestHandler
17:09:42:918  INFO 7988 --- [main] com.alibaba.nacos.common.remote.client   : [649f5c56-45a6-42ae-b3b3-2a00e0bbb86c] Register server push request handler:com.alibaba.nacos.common.remote.client.RpcClient$$Lambda$1167/0x00000298818b4680
17:09:43:018  INFO 7988 --- [main] o.s.b.w.embedded.tomcat.TomcatWebServer  : Tomcat started on port(s): 8082 (http) with context path ''
17:09:43:036  INFO 7988 --- [main] c.a.c.n.registry.NacosServiceRegistry    : nacos registry, DEFAULT_GROUP product-service 192.168.88.147:8082 register finished
17:09:43:067  INFO 7988 --- [main] d.s.w.p.DocumentationPluginsBootstrapper : Documentation plugins bootstrapped
17:09:43:072  INFO 7988 --- [main] d.s.w.p.DocumentationPluginsBootstrapper : Found 2 custom documentation plugin(s)
17:09:43:119  INFO 7988 --- [main] s.d.s.w.s.ApiListingReferenceScanner     : Scanning for api listing references
17:09:43:317  INFO 7988 --- [main] s.d.s.w.s.ApiListingReferenceScanner     : Scanning for api listing references
17:09:43:367  INFO 7988 --- [main] .d.s.w.r.o.CachingOperationNameGenerator : Generating unique operation named: addUsingPOST_1
17:09:43:371  INFO 7988 --- [main] .d.s.w.r.o.CachingOperationNameGenerator : Generating unique operation named: editUsingPUT_1
17:09:43:379  INFO 7988 --- [main] .d.s.w.r.o.CachingOperationNameGenerator : Generating unique operation named: pageQueryUsingGET_1
17:09:43:402  INFO 7988 --- [main] com.cstery.product.ProductApplication    : Started ProductApplication in 7.989 seconds (JVM running for 10.593)
17:09:43:477  INFO 7988 --- [nacos-grpc-client-executor-9] com.alibaba.nacos.common.remote.client   : [649f5c56-45a6-42ae-b3b3-2a00e0bbb86c] Receive server push request, request = NotifySubscriberRequest, requestId = 5
17:09:43:489  INFO 7988 --- [nacos-grpc-client-executor-9] com.alibaba.nacos.common.remote.client   : [649f5c56-45a6-42ae-b3b3-2a00e0bbb86c] Ack server push request, request = NotifySubscriberRequest, requestId = 5
17:12:54:589  WARN 7988 --- [Thread-4] c.a.nacos.common.notify.NotifyCenter     : [NotifyCenter] Start destroying Publisher
17:12:54:589  WARN 7988 --- [Thread-7] c.a.n.common.http.HttpClientBeanHolder   : [HttpClientBeanHolder] Start destroying common HttpClient
17:12:54:600  WARN 7988 --- [Thread-4] c.a.nacos.common.notify.NotifyCenter     : [NotifyCenter] Destruction of the end
17:12:54:605  WARN 7988 --- [Thread-7] c.a.n.common.http.HttpClientBeanHolder   : [HttpClientBeanHolder] Destruction of the end
17:12:54:859  INFO 7988 --- [SpringApplicationShutdownHook] c.a.c.n.registry.NacosServiceRegistry    : De-registering from Nacos Server now...
17:12:54:866  INFO 7988 --- [SpringApplicationShutdownHook] c.a.c.n.registry.NacosServiceRegistry    : De-registration finished.
17:12:55:206  INFO 7988 --- [SpringApplicationShutdownHook] com.alibaba.nacos.common.remote.client   : Shutdown rpc client, set status to shutdown
17:12:55:206  INFO 7988 --- [SpringApplicationShutdownHook] com.alibaba.nacos.common.remote.client   : Shutdown client event executor java.util.concurrent.ScheduledThreadPoolExecutor@1387e50a[Running, pool size = 2, active threads = 2, queued tasks = 0, completed tasks = 0]
17:12:55:207  INFO 7988 --- [SpringApplicationShutdownHook] com.alibaba.nacos.common.remote.client   : Close current connection 1730970582626_192.168.88.147_54424
17:12:55:211  INFO 7988 --- [nacos-grpc-client-executor-65] c.a.n.c.remote.client.grpc.GrpcClient    : [1730970582626_192.168.88.147_54424]Ignore complete event,isRunning:false,isAbandon=false
17:12:55:221  INFO 7988 --- [SpringApplicationShutdownHook] c.a.n.c.remote.client.grpc.GrpcClient    : Shutdown grpc executor java.util.concurrent.ThreadPoolExecutor@41d0d9b4[Running, pool size = 5, active threads = 0, queued tasks = 0, completed tasks = 66]
17:12:55:233  INFO 7988 --- [SpringApplicationShutdownHook] com.alibaba.druid.pool.DruidDataSource   : {dataSource-1} closing ...
17:12:55:256  INFO 7988 --- [SpringApplicationShutdownHook] com.alibaba.druid.pool.DruidDataSource   : {dataSource-1} closed
17:14:30:643  INFO 9764 --- [main] com.cstery.product.ProductApplication    : Starting ProductApplication using Java 17.0.9 on DESKTOP-0KBKC9H with PID 9764 (E:\coding\idea_program_file\myProject\chengstery-mall\product-service\target\classes started by win10 in E:\coding\idea_program_file\myProject\chengstery-mall)
17:14:30:645  INFO 9764 --- [main] com.cstery.product.ProductApplication    : The following 1 profile is active: "dev"
17:14:32:463  INFO 9764 --- [main] .s.d.r.c.RepositoryConfigurationDelegate : Multiple Spring Data modules found, entering strict repository configuration mode
17:14:32:470  INFO 9764 --- [main] .s.d.r.c.RepositoryConfigurationDelegate : Bootstrapping Spring Data Redis repositories in DEFAULT mode.
17:14:32:539  INFO 9764 --- [main] .s.d.r.c.RepositoryConfigurationDelegate : Finished Spring Data repository scanning in 31 ms. Found 0 Redis repository interfaces.
17:14:33:031  INFO 9764 --- [main] o.s.cloud.context.scope.GenericScope     : BeanFactory id=59336e99-c6ca-3d65-ac44-b2fde1897fa0
17:14:34:054  INFO 9764 --- [main] o.s.b.w.embedded.tomcat.TomcatWebServer  : Tomcat initialized with port(s): 8082 (http)
17:14:34:075  INFO 9764 --- [main] o.apache.catalina.core.StandardService   : Starting service [Tomcat]
17:14:34:075  INFO 9764 --- [main] org.apache.catalina.core.StandardEngine  : Starting Servlet engine: [Apache Tomcat/9.0.65]
17:14:34:353  INFO 9764 --- [main] o.a.c.c.C.[Tomcat].[localhost].[/]       : Initializing Spring embedded WebApplicationContext
17:14:34:354  INFO 9764 --- [main] w.s.c.ServletWebServerApplicationContext : Root WebApplicationContext: initialization completed in 3637 ms
17:14:35:300  INFO 9764 --- [main] c.a.d.s.b.a.DruidDataSourceAutoConfigure : Init DruidDataSource
17:14:35:569  INFO 9764 --- [main] com.alibaba.druid.pool.DruidDataSource   : {dataSource-1} inited
17:14:37:377  INFO 9764 --- [main] pertySourcedRequestMappingHandlerMapping : Mapped URL path [/v2/api-docs] onto method [springfox.documentation.swagger2.web.Swagger2ControllerWebMvc#getDocumentation(String, HttpServletRequest)]
17:14:38:262  INFO 9764 --- [main] com.alibaba.nacos.common.remote.client   : [RpcClientFactory] create a new rpc client of c45f3c9f-7837-42fc-a6c4-bfba472e6f7d
17:14:38:396  INFO 9764 --- [main] org.reflections.Reflections              : Reflections took 68 ms to scan 1 urls, producing 3 keys and 6 values 
17:14:38:448  INFO 9764 --- [main] org.reflections.Reflections              : Reflections took 20 ms to scan 1 urls, producing 4 keys and 9 values 
17:14:38:464  INFO 9764 --- [main] org.reflections.Reflections              : Reflections took 10 ms to scan 1 urls, producing 3 keys and 10 values 
17:14:38:473  WARN 9764 --- [main] org.reflections.Reflections              : given scan urls are empty. set urls in the configuration
17:14:38:485  INFO 9764 --- [main] org.reflections.Reflections              : Reflections took 10 ms to scan 1 urls, producing 1 keys and 5 values 
17:14:38:499  INFO 9764 --- [main] org.reflections.Reflections              : Reflections took 10 ms to scan 1 urls, producing 1 keys and 7 values 
17:14:38:514  INFO 9764 --- [main] org.reflections.Reflections              : Reflections took 9 ms to scan 1 urls, producing 2 keys and 8 values 
17:14:38:517  WARN 9764 --- [main] org.reflections.Reflections              : given scan urls are empty. set urls in the configuration
17:14:38:518  INFO 9764 --- [main] com.alibaba.nacos.common.remote.client   : [c45f3c9f-7837-42fc-a6c4-bfba472e6f7d] RpcClient init label, labels = {module=naming, source=sdk}
17:14:38:520  INFO 9764 --- [main] com.alibaba.nacos.common.remote.client   : [c45f3c9f-7837-42fc-a6c4-bfba472e6f7d] RpcClient init, ServerListFactory = com.alibaba.nacos.client.naming.core.ServerListManager
17:14:38:521  INFO 9764 --- [main] com.alibaba.nacos.common.remote.client   : [c45f3c9f-7837-42fc-a6c4-bfba472e6f7d] Registry connection listener to current client:com.alibaba.nacos.client.naming.remote.gprc.redo.NamingGrpcRedoService
17:14:38:521  INFO 9764 --- [main] com.alibaba.nacos.common.remote.client   : [c45f3c9f-7837-42fc-a6c4-bfba472e6f7d] Register server push request handler:com.alibaba.nacos.client.naming.remote.gprc.NamingPushRequestHandler
17:14:38:523  INFO 9764 --- [main] com.alibaba.nacos.common.remote.client   : [c45f3c9f-7837-42fc-a6c4-bfba472e6f7d] Try to connect to server on start up, server: {serverIp = '192.168.88.156', server main port = 8848}
17:14:40:072  INFO 9764 --- [main] com.alibaba.nacos.common.remote.client   : [c45f3c9f-7837-42fc-a6c4-bfba472e6f7d] Success to connect to server [192.168.88.156:8848] on start up, connectionId = 1730970879730_192.168.88.147_54910
17:14:40:073  INFO 9764 --- [com.alibaba.nacos.client.remote.worker] com.alibaba.nacos.common.remote.client   : [c45f3c9f-7837-42fc-a6c4-bfba472e6f7d] Notify connected event to listeners.
17:14:40:074  INFO 9764 --- [main] com.alibaba.nacos.common.remote.client   : [c45f3c9f-7837-42fc-a6c4-bfba472e6f7d] Register server push request handler:com.alibaba.nacos.common.remote.client.RpcClient$ConnectResetRequestHandler
17:14:40:074  INFO 9764 --- [main] com.alibaba.nacos.common.remote.client   : [c45f3c9f-7837-42fc-a6c4-bfba472e6f7d] Register server push request handler:com.alibaba.nacos.common.remote.client.RpcClient$$Lambda$1167/0x00000139018b3f80
17:14:40:199  INFO 9764 --- [main] o.s.b.w.embedded.tomcat.TomcatWebServer  : Tomcat started on port(s): 8082 (http) with context path ''
17:14:40:215  INFO 9764 --- [main] c.a.c.n.registry.NacosServiceRegistry    : nacos registry, DEFAULT_GROUP product-service 192.168.88.147:8082 register finished
17:14:40:255  INFO 9764 --- [main] d.s.w.p.DocumentationPluginsBootstrapper : Documentation plugins bootstrapped
17:14:40:260  INFO 9764 --- [main] d.s.w.p.DocumentationPluginsBootstrapper : Found 2 custom documentation plugin(s)
17:14:40:324  INFO 9764 --- [main] s.d.s.w.s.ApiListingReferenceScanner     : Scanning for api listing references
17:14:40:596  INFO 9764 --- [main] s.d.s.w.s.ApiListingReferenceScanner     : Scanning for api listing references
17:14:40:667  INFO 9764 --- [main] .d.s.w.r.o.CachingOperationNameGenerator : Generating unique operation named: addUsingPOST_1
17:14:40:674  INFO 9764 --- [main] .d.s.w.r.o.CachingOperationNameGenerator : Generating unique operation named: editUsingPUT_1
17:14:40:680  INFO 9764 --- [main] .d.s.w.r.o.CachingOperationNameGenerator : Generating unique operation named: pageQueryUsingGET_1
17:14:40:696  INFO 9764 --- [nacos-grpc-client-executor-8] com.alibaba.nacos.common.remote.client   : [c45f3c9f-7837-42fc-a6c4-bfba472e6f7d] Receive server push request, request = NotifySubscriberRequest, requestId = 8
17:14:40:708  INFO 9764 --- [main] com.cstery.product.ProductApplication    : Started ProductApplication in 10.982 seconds (JVM running for 12.222)
17:14:40:725  INFO 9764 --- [nacos-grpc-client-executor-8] com.alibaba.nacos.common.remote.client   : [c45f3c9f-7837-42fc-a6c4-bfba472e6f7d] Ack server push request, request = NotifySubscriberRequest, requestId = 8
