00:09:36:265  WARN 3828 --- [Thread-4] c.a.nacos.common.notify.NotifyCenter     : [NotifyCenter] Start destroying Publisher
00:09:36:265  WARN 3828 --- [Thread-7] c.a.n.common.http.HttpClientBeanHolder   : [HttpClientBeanHolder] Start destroying common HttpClient
00:09:36:490  WARN 3828 --- [Thread-4] c.a.nacos.common.notify.NotifyCenter     : [NotifyCenter] Destruction of the end
00:09:36:514  WARN 3828 --- [Thread-7] c.a.n.common.http.HttpClientBeanHolder   : [HttpClientBeanHolder] Destruction of the end
00:09:37:296  INFO 3828 --- [SpringApplicationShutdownHook] c.a.c.n.registry.NacosServiceRegistry    : De-registering from Nacos Server now...
00:09:37:309  INFO 3828 --- [SpringApplicationShutdownHook] c.a.c.n.registry.NacosServiceRegistry    : De-registration finished.
00:09:37:671  INFO 3828 --- [SpringApplicationShutdownHook] com.alibaba.nacos.common.remote.client   : Shutdown rpc client, set status to shutdown
00:09:37:671  INFO 3828 --- [SpringApplicationShutdownHook] com.alibaba.nacos.common.remote.client   : Shutdown client event executor java.util.concurrent.ScheduledThreadPoolExecutor@4fa98031[Running, pool size = 2, active threads = 2, queued tasks = 0, completed tasks = 0]
00:09:37:672  INFO 3828 --- [SpringApplicationShutdownHook] com.alibaba.nacos.common.remote.client   : Close current connection 1731057088451_192.168.88.147_54058
00:09:37:685  INFO 3828 --- [nacos-grpc-client-executor-5531] c.a.n.c.remote.client.grpc.GrpcClient    : [1731057088451_192.168.88.147_54058]Ignore complete event,isRunning:false,isAbandon=false
00:09:37:744  INFO 3828 --- [SpringApplicationShutdownHook] c.a.n.c.remote.client.grpc.GrpcClient    : Shutdown grpc executor java.util.concurrent.ThreadPoolExecutor@38552c90[Running, pool size = 6, active threads = 0, queued tasks = 0, completed tasks = 5532]
00:09:51:641  INFO 5776 --- [main] com.cstery.chart.ChartApplication        : The following 1 profile is active: "dev"
00:09:52:777  INFO 5776 --- [main] o.s.cloud.context.scope.GenericScope     : BeanFactory id=f6de66ba-1b51-3341-a29d-1a5a61c53ec2
00:09:53:283  INFO 5776 --- [main] o.s.b.w.embedded.tomcat.TomcatWebServer  : Tomcat initialized with port(s): 8085 (http)
00:09:53:299  INFO 5776 --- [main] o.apache.catalina.core.StandardService   : Starting service [Tomcat]
00:09:53:299  INFO 5776 --- [main] org.apache.catalina.core.StandardEngine  : Starting Servlet engine: [Apache Tomcat/9.0.65]
00:09:53:472  INFO 5776 --- [main] o.a.c.c.C.[Tomcat].[localhost].[/]       : Initializing Spring embedded WebApplicationContext
00:09:53:472  INFO 5776 --- [main] w.s.c.ServletWebServerApplicationContext : Root WebApplicationContext: initialization completed in 1808 ms
00:09:53:727  INFO 5776 --- [main] o.s.c.openfeign.FeignClientFactoryBean   : For 'order-service' URL not provided. Will try picking an instance via load-balancing.
00:09:54:110  INFO 5776 --- [main] o.s.c.openfeign.FeignClientFactoryBean   : For 'user-service' URL not provided. Will try picking an instance via load-balancing.
00:09:54:895  INFO 5776 --- [main] pertySourcedRequestMappingHandlerMapping : Mapped URL path [/v2/api-docs] onto method [springfox.documentation.swagger2.web.Swagger2ControllerWebMvc#getDocumentation(String, HttpServletRequest)]
00:09:55:299  INFO 5776 --- [main] com.alibaba.nacos.common.remote.client   : [RpcClientFactory] create a new rpc client of 43b634dd-7bbc-44d7-a230-8f88077d1626
00:09:55:299  INFO 5776 --- [main] com.alibaba.nacos.common.remote.client   : [43b634dd-7bbc-44d7-a230-8f88077d1626] RpcClient init label, labels = {module=naming, source=sdk}
00:09:55:303  INFO 5776 --- [main] com.alibaba.nacos.common.remote.client   : [43b634dd-7bbc-44d7-a230-8f88077d1626] RpcClient init, ServerListFactory = com.alibaba.nacos.client.naming.core.ServerListManager
00:09:55:304  INFO 5776 --- [main] com.alibaba.nacos.common.remote.client   : [43b634dd-7bbc-44d7-a230-8f88077d1626] Registry connection listener to current client:com.alibaba.nacos.client.naming.remote.gprc.redo.NamingGrpcRedoService
00:09:55:306  INFO 5776 --- [main] com.alibaba.nacos.common.remote.client   : [43b634dd-7bbc-44d7-a230-8f88077d1626] Register server push request handler:com.alibaba.nacos.client.naming.remote.gprc.NamingPushRequestHandler
00:09:55:307  INFO 5776 --- [main] com.alibaba.nacos.common.remote.client   : [43b634dd-7bbc-44d7-a230-8f88077d1626] Try to connect to server on start up, server: {serverIp = '192.168.88.156', server main port = 8848}
00:09:55:466  INFO 5776 --- [main] com.alibaba.nacos.common.remote.client   : [43b634dd-7bbc-44d7-a230-8f88077d1626] Success to connect to server [192.168.88.156:8848] on start up, connectionId = 1731082195262_192.168.88.147_50747
00:09:55:466  INFO 5776 --- [main] com.alibaba.nacos.common.remote.client   : [43b634dd-7bbc-44d7-a230-8f88077d1626] Register server push request handler:com.alibaba.nacos.common.remote.client.RpcClient$ConnectResetRequestHandler
00:09:55:466  INFO 5776 --- [com.alibaba.nacos.client.remote.worker] com.alibaba.nacos.common.remote.client   : [43b634dd-7bbc-44d7-a230-8f88077d1626] Notify connected event to listeners.
00:09:55:466  INFO 5776 --- [main] com.alibaba.nacos.common.remote.client   : [43b634dd-7bbc-44d7-a230-8f88077d1626] Register server push request handler:com.alibaba.nacos.common.remote.client.RpcClient$$Lambda$480/0x0000013cb34d7058
00:09:55:806  INFO 5776 --- [main] o.s.b.w.embedded.tomcat.TomcatWebServer  : Tomcat started on port(s): 8085 (http) with context path ''
00:09:55:822  INFO 5776 --- [main] c.a.c.n.registry.NacosServiceRegistry    : nacos registry, DEFAULT_GROUP chart-service 192.168.88.147:8085 register finished
00:09:55:880  INFO 5776 --- [main] d.s.w.p.DocumentationPluginsBootstrapper : Documentation plugins bootstrapped
00:09:55:885  INFO 5776 --- [main] d.s.w.p.DocumentationPluginsBootstrapper : Found 2 custom documentation plugin(s)
00:09:55:924  INFO 5776 --- [main] s.d.s.w.s.ApiListingReferenceScanner     : Scanning for api listing references
00:09:55:938  INFO 5776 --- [main] s.d.s.w.s.ApiListingReferenceScanner     : Scanning for api listing references
00:09:56:110  INFO 5776 --- [main] com.cstery.chart.ChartApplication        : Started ChartApplication in 7.371 seconds (JVM running for 9.027)
00:09:56:120  INFO 5776 --- [main] c.a.c.n.refresh.NacosContextRefresher    : [Nacos Config] Listening config: dataId=chart-service, group=DEFAULT_GROUP
00:09:56:120  INFO 5776 --- [main] c.a.c.n.refresh.NacosContextRefresher    : [Nacos Config] Listening config: dataId=chart-service.yaml, group=DEFAULT_GROUP
00:09:56:121  INFO 5776 --- [main] c.a.c.n.refresh.NacosContextRefresher    : [Nacos Config] Listening config: dataId=chart-service-dev.yaml, group=DEFAULT_GROUP
00:09:56:247  INFO 5776 --- [nacos-grpc-client-executor-7] com.alibaba.nacos.common.remote.client   : [43b634dd-7bbc-44d7-a230-8f88077d1626] Receive server push request, request = NotifySubscriberRequest, requestId = 116
00:09:56:264  INFO 5776 --- [nacos-grpc-client-executor-7] com.alibaba.nacos.common.remote.client   : [43b634dd-7bbc-44d7-a230-8f88077d1626] Ack server push request, request = NotifySubscriberRequest, requestId = 116
00:10:12:483  INFO 5776 --- [http-nio-8085-exec-1] o.a.c.c.C.[Tomcat].[localhost].[/]       : Initializing Spring DispatcherServlet 'dispatcherServlet'
00:10:12:484  INFO 5776 --- [http-nio-8085-exec-1] o.s.web.servlet.DispatcherServlet        : Initializing Servlet 'dispatcherServlet'
00:10:12:505  INFO 5776 --- [http-nio-8085-exec-1] o.s.web.servlet.DispatcherServlet        : Completed initialization in 21 ms
00:10:13:856  INFO 5776 --- [http-nio-8085-exec-4] o.apache.coyote.http11.Http11Processor   : Error parsing HTTP request header
 Note: further occurrences of HTTP request parsing errors will be logged at DEBUG level.

java.lang.IllegalArgumentException: Invalid character found in the request target [/v2/api-docs?group=${csm.swagger.user-group-name} ]. The valid characters are defined in RFC 7230 and RFC 3986
	at org.apache.coyote.http11.Http11InputBuffer.parseRequestLine(Http11InputBuffer.java:494) ~[tomcat-embed-core-9.0.65.jar:9.0.65]
	at org.apache.coyote.http11.Http11Processor.service(Http11Processor.java:271) ~[tomcat-embed-core-9.0.65.jar:9.0.65]
	at org.apache.coyote.AbstractProcessorLight.process(AbstractProcessorLight.java:65) ~[tomcat-embed-core-9.0.65.jar:9.0.65]
	at org.apache.coyote.AbstractProtocol$ConnectionHandler.process(AbstractProtocol.java:890) ~[tomcat-embed-core-9.0.65.jar:9.0.65]
	at org.apache.tomcat.util.net.NioEndpoint$SocketProcessor.doRun(NioEndpoint.java:1789) ~[tomcat-embed-core-9.0.65.jar:9.0.65]
	at org.apache.tomcat.util.net.SocketProcessorBase.run(SocketProcessorBase.java:49) ~[tomcat-embed-core-9.0.65.jar:9.0.65]
	at org.apache.tomcat.util.threads.ThreadPoolExecutor.runWorker(ThreadPoolExecutor.java:1191) ~[tomcat-embed-core-9.0.65.jar:9.0.65]
	at org.apache.tomcat.util.threads.ThreadPoolExecutor$Worker.run(ThreadPoolExecutor.java:659) ~[tomcat-embed-core-9.0.65.jar:9.0.65]
	at org.apache.tomcat.util.threads.TaskThread$WrappingRunnable.run(TaskThread.java:61) ~[tomcat-embed-core-9.0.65.jar:9.0.65]
	at java.base/java.lang.Thread.run(Thread.java:842) ~[na:na]

00:10:48:193  WARN 5776 --- [Thread-1] c.a.n.common.http.HttpClientBeanHolder   : [HttpClientBeanHolder] Start destroying common HttpClient
00:10:48:193  WARN 5776 --- [Thread-5] c.a.nacos.common.notify.NotifyCenter     : [NotifyCenter] Start destroying Publisher
00:10:48:194  WARN 5776 --- [Thread-5] c.a.nacos.common.notify.NotifyCenter     : [NotifyCenter] Destruction of the end
00:10:48:195  WARN 5776 --- [Thread-1] c.a.n.common.http.HttpClientBeanHolder   : [HttpClientBeanHolder] Destruction of the end
00:10:48:245  INFO 5776 --- [SpringApplicationShutdownHook] c.a.c.n.registry.NacosServiceRegistry    : De-registering from Nacos Server now...
00:10:48:251  INFO 5776 --- [SpringApplicationShutdownHook] c.a.c.n.registry.NacosServiceRegistry    : De-registration finished.
00:10:48:583  INFO 5776 --- [SpringApplicationShutdownHook] com.alibaba.nacos.common.remote.client   : Shutdown rpc client, set status to shutdown
00:10:48:583  INFO 5776 --- [SpringApplicationShutdownHook] com.alibaba.nacos.common.remote.client   : Shutdown client event executor java.util.concurrent.ScheduledThreadPoolExecutor@42e4a916[Running, pool size = 2, active threads = 2, queued tasks = 0, completed tasks = 0]
00:10:48:583  INFO 5776 --- [SpringApplicationShutdownHook] com.alibaba.nacos.common.remote.client   : Close current connection 1731082195262_192.168.88.147_50747
00:10:48:586  INFO 5776 --- [nacos-grpc-client-executor-21] c.a.n.c.remote.client.grpc.GrpcClient    : [1731082195262_192.168.88.147_50747]Ignore complete event,isRunning:false,isAbandon=false
00:10:48:592  INFO 5776 --- [SpringApplicationShutdownHook] c.a.n.c.remote.client.grpc.GrpcClient    : Shutdown grpc executor java.util.concurrent.ThreadPoolExecutor@76dcdd04[Running, pool size = 5, active threads = 0, queued tasks = 0, completed tasks = 22]
00:10:54:937  INFO 9276 --- [main] com.cstery.chart.ChartApplication        : The following 1 profile is active: "dev"
00:10:55:942  INFO 9276 --- [main] o.s.cloud.context.scope.GenericScope     : BeanFactory id=f6de66ba-1b51-3341-a29d-1a5a61c53ec2
00:10:56:414  INFO 9276 --- [main] o.s.b.w.embedded.tomcat.TomcatWebServer  : Tomcat initialized with port(s): 8085 (http)
00:10:56:429  INFO 9276 --- [main] o.apache.catalina.core.StandardService   : Starting service [Tomcat]
00:10:56:429  INFO 9276 --- [main] org.apache.catalina.core.StandardEngine  : Starting Servlet engine: [Apache Tomcat/9.0.65]
00:10:56:575  INFO 9276 --- [main] o.a.c.c.C.[Tomcat].[localhost].[/]       : Initializing Spring embedded WebApplicationContext
00:10:56:575  INFO 9276 --- [main] w.s.c.ServletWebServerApplicationContext : Root WebApplicationContext: initialization completed in 1616 ms
00:10:56:794  INFO 9276 --- [main] o.s.c.openfeign.FeignClientFactoryBean   : For 'order-service' URL not provided. Will try picking an instance via load-balancing.
00:10:57:145  INFO 9276 --- [main] o.s.c.openfeign.FeignClientFactoryBean   : For 'user-service' URL not provided. Will try picking an instance via load-balancing.
00:10:57:867  INFO 9276 --- [main] pertySourcedRequestMappingHandlerMapping : Mapped URL path [/v2/api-docs] onto method [springfox.documentation.swagger2.web.Swagger2ControllerWebMvc#getDocumentation(String, HttpServletRequest)]
00:10:58:179  INFO 9276 --- [main] com.alibaba.nacos.common.remote.client   : [RpcClientFactory] create a new rpc client of b31145b5-e32c-4476-9b0a-24088aef7576
00:10:58:179  INFO 9276 --- [main] com.alibaba.nacos.common.remote.client   : [b31145b5-e32c-4476-9b0a-24088aef7576] RpcClient init label, labels = {module=naming, source=sdk}
00:10:58:181  INFO 9276 --- [main] com.alibaba.nacos.common.remote.client   : [b31145b5-e32c-4476-9b0a-24088aef7576] RpcClient init, ServerListFactory = com.alibaba.nacos.client.naming.core.ServerListManager
00:10:58:182  INFO 9276 --- [main] com.alibaba.nacos.common.remote.client   : [b31145b5-e32c-4476-9b0a-24088aef7576] Registry connection listener to current client:com.alibaba.nacos.client.naming.remote.gprc.redo.NamingGrpcRedoService
00:10:58:183  INFO 9276 --- [main] com.alibaba.nacos.common.remote.client   : [b31145b5-e32c-4476-9b0a-24088aef7576] Register server push request handler:com.alibaba.nacos.client.naming.remote.gprc.NamingPushRequestHandler
00:10:58:184  INFO 9276 --- [main] com.alibaba.nacos.common.remote.client   : [b31145b5-e32c-4476-9b0a-24088aef7576] Try to connect to server on start up, server: {serverIp = '192.168.88.156', server main port = 8848}
00:10:58:325  INFO 9276 --- [main] com.alibaba.nacos.common.remote.client   : [b31145b5-e32c-4476-9b0a-24088aef7576] Success to connect to server [192.168.88.156:8848] on start up, connectionId = 1731082258133_192.168.88.147_50914
00:10:58:326  INFO 9276 --- [main] com.alibaba.nacos.common.remote.client   : [b31145b5-e32c-4476-9b0a-24088aef7576] Register server push request handler:com.alibaba.nacos.common.remote.client.RpcClient$ConnectResetRequestHandler
00:10:58:326  INFO 9276 --- [main] com.alibaba.nacos.common.remote.client   : [b31145b5-e32c-4476-9b0a-24088aef7576] Register server push request handler:com.alibaba.nacos.common.remote.client.RpcClient$$Lambda$480/0x000001e8814e9a90
00:10:58:326  INFO 9276 --- [com.alibaba.nacos.client.remote.worker] com.alibaba.nacos.common.remote.client   : [b31145b5-e32c-4476-9b0a-24088aef7576] Notify connected event to listeners.
00:10:58:395  INFO 9276 --- [main] o.s.b.w.embedded.tomcat.TomcatWebServer  : Tomcat started on port(s): 8085 (http) with context path ''
00:10:58:408  INFO 9276 --- [main] c.a.c.n.registry.NacosServiceRegistry    : nacos registry, DEFAULT_GROUP chart-service 192.168.88.147:8085 register finished
00:10:58:435  INFO 9276 --- [main] d.s.w.p.DocumentationPluginsBootstrapper : Documentation plugins bootstrapped
00:10:58:441  INFO 9276 --- [main] d.s.w.p.DocumentationPluginsBootstrapper : Found 2 custom documentation plugin(s)
00:10:58:474  INFO 9276 --- [main] s.d.s.w.s.ApiListingReferenceScanner     : Scanning for api listing references
00:10:58:639  INFO 9276 --- [main] s.d.s.w.s.ApiListingReferenceScanner     : Scanning for api listing references
00:10:58:648  INFO 9276 --- [main] .d.s.w.r.o.CachingOperationNameGenerator : Generating unique operation named: getChartUsingGET_1
00:10:58:655  INFO 9276 --- [main] .d.s.w.r.o.CachingOperationNameGenerator : Generating unique operation named: getReportUsingGET_1
00:10:58:666  INFO 9276 --- [main] com.cstery.chart.ChartApplication        : Started ChartApplication in 6.654 seconds (JVM running for 7.942)
00:10:58:673  INFO 9276 --- [main] c.a.c.n.refresh.NacosContextRefresher    : [Nacos Config] Listening config: dataId=chart-service, group=DEFAULT_GROUP
00:10:58:674  INFO 9276 --- [main] c.a.c.n.refresh.NacosContextRefresher    : [Nacos Config] Listening config: dataId=chart-service.yaml, group=DEFAULT_GROUP
00:10:58:674  INFO 9276 --- [main] c.a.c.n.refresh.NacosContextRefresher    : [Nacos Config] Listening config: dataId=chart-service-dev.yaml, group=DEFAULT_GROUP
00:10:58:937  INFO 9276 --- [nacos-grpc-client-executor-6] com.alibaba.nacos.common.remote.client   : [b31145b5-e32c-4476-9b0a-24088aef7576] Receive server push request, request = NotifySubscriberRequest, requestId = 119
00:10:58:949  INFO 9276 --- [nacos-grpc-client-executor-6] com.alibaba.nacos.common.remote.client   : [b31145b5-e32c-4476-9b0a-24088aef7576] Ack server push request, request = NotifySubscriberRequest, requestId = 119
00:11:04:523  INFO 9276 --- [http-nio-8085-exec-1] o.a.c.c.C.[Tomcat].[localhost].[/]       : Initializing Spring DispatcherServlet 'dispatcherServlet'
00:11:04:524  INFO 9276 --- [http-nio-8085-exec-1] o.s.web.servlet.DispatcherServlet        : Initializing Servlet 'dispatcherServlet'
00:11:04:526  INFO 9276 --- [http-nio-8085-exec-1] o.s.web.servlet.DispatcherServlet        : Completed initialization in 2 ms
00:14:32:255  WARN 9276 --- [Thread-1] c.a.n.common.http.HttpClientBeanHolder   : [HttpClientBeanHolder] Start destroying common HttpClient
00:14:32:256  WARN 9276 --- [Thread-5] c.a.nacos.common.notify.NotifyCenter     : [NotifyCenter] Start destroying Publisher
00:14:32:256  WARN 9276 --- [Thread-5] c.a.nacos.common.notify.NotifyCenter     : [NotifyCenter] Destruction of the end
00:14:32:262  WARN 9276 --- [Thread-1] c.a.n.common.http.HttpClientBeanHolder   : [HttpClientBeanHolder] Destruction of the end
00:14:32:324  INFO 9276 --- [SpringApplicationShutdownHook] c.a.c.n.registry.NacosServiceRegistry    : De-registering from Nacos Server now...
00:14:32:332  INFO 9276 --- [SpringApplicationShutdownHook] c.a.c.n.registry.NacosServiceRegistry    : De-registration finished.
00:14:32:655  INFO 9276 --- [SpringApplicationShutdownHook] com.alibaba.nacos.common.remote.client   : Shutdown rpc client, set status to shutdown
00:14:32:655  INFO 9276 --- [SpringApplicationShutdownHook] com.alibaba.nacos.common.remote.client   : Shutdown client event executor java.util.concurrent.ScheduledThreadPoolExecutor@4f09bf3[Running, pool size = 2, active threads = 2, queued tasks = 0, completed tasks = 0]
00:14:32:656  INFO 9276 --- [SpringApplicationShutdownHook] com.alibaba.nacos.common.remote.client   : Close current connection 1731082258133_192.168.88.147_50914
00:14:32:657  INFO 9276 --- [nacos-grpc-client-executor-54] c.a.n.c.remote.client.grpc.GrpcClient    : [1731082258133_192.168.88.147_50914]Ignore complete event,isRunning:false,isAbandon=false
00:14:32:671  INFO 9276 --- [SpringApplicationShutdownHook] c.a.n.c.remote.client.grpc.GrpcClient    : Shutdown grpc executor java.util.concurrent.ThreadPoolExecutor@555ecbe0[Running, pool size = 5, active threads = 0, queued tasks = 0, completed tasks = 55]
00:14:40:910  INFO 6872 --- [main] com.cstery.chart.ChartApplication        : The following 1 profile is active: "dev"
00:14:41:900  INFO 6872 --- [main] o.s.cloud.context.scope.GenericScope     : BeanFactory id=f6de66ba-1b51-3341-a29d-1a5a61c53ec2
00:14:42:365  INFO 6872 --- [main] o.s.b.w.embedded.tomcat.TomcatWebServer  : Tomcat initialized with port(s): 8085 (http)
00:14:42:380  INFO 6872 --- [main] o.apache.catalina.core.StandardService   : Starting service [Tomcat]
00:14:42:380  INFO 6872 --- [main] org.apache.catalina.core.StandardEngine  : Starting Servlet engine: [Apache Tomcat/9.0.65]
00:14:42:546  INFO 6872 --- [main] o.a.c.c.C.[Tomcat].[localhost].[/]       : Initializing Spring embedded WebApplicationContext
00:14:42:546  INFO 6872 --- [main] w.s.c.ServletWebServerApplicationContext : Root WebApplicationContext: initialization completed in 1615 ms
00:14:42:796  INFO 6872 --- [main] o.s.c.openfeign.FeignClientFactoryBean   : For 'order-service' URL not provided. Will try picking an instance via load-balancing.
00:14:43:143  INFO 6872 --- [main] o.s.c.openfeign.FeignClientFactoryBean   : For 'user-service' URL not provided. Will try picking an instance via load-balancing.
00:14:43:887  INFO 6872 --- [main] pertySourcedRequestMappingHandlerMapping : Mapped URL path [/v2/api-docs] onto method [springfox.documentation.swagger2.web.Swagger2ControllerWebMvc#getDocumentation(String, HttpServletRequest)]
00:14:44:193  INFO 6872 --- [main] com.alibaba.nacos.common.remote.client   : [RpcClientFactory] create a new rpc client of 38bbcb47-48cb-4045-8178-99dae0ce08dc
00:14:44:194  INFO 6872 --- [main] com.alibaba.nacos.common.remote.client   : [38bbcb47-48cb-4045-8178-99dae0ce08dc] RpcClient init label, labels = {module=naming, source=sdk}
00:14:44:198  INFO 6872 --- [main] com.alibaba.nacos.common.remote.client   : [38bbcb47-48cb-4045-8178-99dae0ce08dc] RpcClient init, ServerListFactory = com.alibaba.nacos.client.naming.core.ServerListManager
00:14:44:198  INFO 6872 --- [main] com.alibaba.nacos.common.remote.client   : [38bbcb47-48cb-4045-8178-99dae0ce08dc] Registry connection listener to current client:com.alibaba.nacos.client.naming.remote.gprc.redo.NamingGrpcRedoService
00:14:44:200  INFO 6872 --- [main] com.alibaba.nacos.common.remote.client   : [38bbcb47-48cb-4045-8178-99dae0ce08dc] Register server push request handler:com.alibaba.nacos.client.naming.remote.gprc.NamingPushRequestHandler
00:14:44:201  INFO 6872 --- [main] com.alibaba.nacos.common.remote.client   : [38bbcb47-48cb-4045-8178-99dae0ce08dc] Try to connect to server on start up, server: {serverIp = '192.168.88.156', server main port = 8848}
00:14:44:319  INFO 6872 --- [main] com.alibaba.nacos.common.remote.client   : [38bbcb47-48cb-4045-8178-99dae0ce08dc] Success to connect to server [192.168.88.156:8848] on start up, connectionId = 1731082484148_192.168.88.147_51717
00:14:44:319  INFO 6872 --- [main] com.alibaba.nacos.common.remote.client   : [38bbcb47-48cb-4045-8178-99dae0ce08dc] Register server push request handler:com.alibaba.nacos.common.remote.client.RpcClient$ConnectResetRequestHandler
00:14:44:319  INFO 6872 --- [main] com.alibaba.nacos.common.remote.client   : [38bbcb47-48cb-4045-8178-99dae0ce08dc] Register server push request handler:com.alibaba.nacos.common.remote.client.RpcClient$$Lambda$480/0x000002a11d4d9210
00:14:44:319  INFO 6872 --- [com.alibaba.nacos.client.remote.worker] com.alibaba.nacos.common.remote.client   : [38bbcb47-48cb-4045-8178-99dae0ce08dc] Notify connected event to listeners.
00:14:44:393  INFO 6872 --- [main] o.s.b.w.embedded.tomcat.TomcatWebServer  : Tomcat started on port(s): 8085 (http) with context path ''
00:14:44:403  INFO 6872 --- [main] c.a.c.n.registry.NacosServiceRegistry    : nacos registry, DEFAULT_GROUP chart-service 192.168.88.147:8085 register finished
00:14:44:436  INFO 6872 --- [main] d.s.w.p.DocumentationPluginsBootstrapper : Documentation plugins bootstrapped
00:14:44:443  WARN 6872 --- [main] ConfigServletWebServerApplicationContext : Exception encountered during context initialization - cancelling refresh attempt: org.springframework.context.ApplicationContextException: Failed to start bean 'documentationPluginsBootstrapper'; nested exception is java.lang.IllegalStateException: Multiple Dockets with the same group name are not supported. The following duplicate groups were discovered. 管理端图表相关接口文档
00:14:44:443  INFO 6872 --- [main] c.a.c.n.registry.NacosServiceRegistry    : De-registering from Nacos Server now...
00:14:44:452  INFO 6872 --- [main] c.a.c.n.registry.NacosServiceRegistry    : De-registration finished.
00:14:44:910  INFO 6872 --- [nacos-grpc-client-executor-9] com.alibaba.nacos.common.remote.client   : [38bbcb47-48cb-4045-8178-99dae0ce08dc] Receive server push request, request = NotifySubscriberRequest, requestId = 122
00:14:44:927  INFO 6872 --- [nacos-grpc-client-executor-9] com.alibaba.nacos.common.remote.client   : [38bbcb47-48cb-4045-8178-99dae0ce08dc] Ack server push request, request = NotifySubscriberRequest, requestId = 122
00:14:45:110  INFO 6872 --- [main] com.alibaba.nacos.common.remote.client   : Shutdown rpc client, set status to shutdown
00:14:45:110  INFO 6872 --- [main] com.alibaba.nacos.common.remote.client   : Shutdown client event executor java.util.concurrent.ScheduledThreadPoolExecutor@3d99d327[Running, pool size = 2, active threads = 2, queued tasks = 0, completed tasks = 0]
00:14:45:110  INFO 6872 --- [main] com.alibaba.nacos.common.remote.client   : Close current connection 1731082484148_192.168.88.147_51717
00:14:45:113  INFO 6872 --- [nacos-grpc-client-executor-10] c.a.n.c.remote.client.grpc.GrpcClient    : [1731082484148_192.168.88.147_51717]Ignore complete event,isRunning:false,isAbandon=false
00:14:45:117  INFO 6872 --- [main] c.a.n.c.remote.client.grpc.GrpcClient    : Shutdown grpc executor java.util.concurrent.ThreadPoolExecutor@57bfca3a[Running, pool size = 11, active threads = 0, queued tasks = 0, completed tasks = 11]
00:14:45:122  INFO 6872 --- [main] com.alibaba.nacos.common.remote.client   : [RpcClientFactory] create a new rpc client of b73c616e-1247-499a-b207-56f3055ebd8b
00:14:45:122  INFO 6872 --- [main] com.alibaba.nacos.common.remote.client   : [b73c616e-1247-499a-b207-56f3055ebd8b] RpcClient init label, labels = {module=naming, source=sdk}
00:14:45:122  INFO 6872 --- [main] com.alibaba.nacos.common.remote.client   : [b73c616e-1247-499a-b207-56f3055ebd8b] RpcClient init, ServerListFactory = com.alibaba.nacos.client.naming.core.ServerListManager
00:14:45:122  INFO 6872 --- [main] com.alibaba.nacos.common.remote.client   : [b73c616e-1247-499a-b207-56f3055ebd8b] Registry connection listener to current client:com.alibaba.nacos.client.naming.remote.gprc.redo.NamingGrpcRedoService
00:14:45:122  INFO 6872 --- [main] com.alibaba.nacos.common.remote.client   : [b73c616e-1247-499a-b207-56f3055ebd8b] Register server push request handler:com.alibaba.nacos.client.naming.remote.gprc.NamingPushRequestHandler
00:14:45:125  INFO 6872 --- [main] com.alibaba.nacos.common.remote.client   : [b73c616e-1247-499a-b207-56f3055ebd8b] Try to connect to server on start up, server: {serverIp = '192.168.88.156', server main port = 8848}
00:14:45:262  INFO 6872 --- [main] com.alibaba.nacos.common.remote.client   : [b73c616e-1247-499a-b207-56f3055ebd8b] Success to connect to server [192.168.88.156:8848] on start up, connectionId = 1731082485075_192.168.88.147_51718
00:14:45:262  INFO 6872 --- [main] com.alibaba.nacos.common.remote.client   : [b73c616e-1247-499a-b207-56f3055ebd8b] Register server push request handler:com.alibaba.nacos.common.remote.client.RpcClient$ConnectResetRequestHandler
00:14:45:262  INFO 6872 --- [com.alibaba.nacos.client.remote.worker] com.alibaba.nacos.common.remote.client   : [b73c616e-1247-499a-b207-56f3055ebd8b] Notify connected event to listeners.
00:14:45:263  INFO 6872 --- [main] com.alibaba.nacos.common.remote.client   : [b73c616e-1247-499a-b207-56f3055ebd8b] Register server push request handler:com.alibaba.nacos.common.remote.client.RpcClient$$Lambda$480/0x000002a11d4d9210
00:14:45:286  INFO 6872 --- [main] o.apache.catalina.core.StandardService   : Stopping service [Tomcat]
00:14:45:300  INFO 6872 --- [main] ConditionEvaluationReportLoggingListener : 

Error starting ApplicationContext. To display the conditions report re-run your application with 'debug' enabled.
00:14:45:329 ERROR 6872 --- [main] o.s.boot.SpringApplication               : Application run failed

org.springframework.context.ApplicationContextException: Failed to start bean 'documentationPluginsBootstrapper'; nested exception is java.lang.IllegalStateException: Multiple Dockets with the same group name are not supported. The following duplicate groups were discovered. 管理端图表相关接口文档
	at org.springframework.context.support.DefaultLifecycleProcessor.doStart(DefaultLifecycleProcessor.java:181) ~[spring-context-5.3.22.jar:5.3.22]
	at org.springframework.context.support.DefaultLifecycleProcessor.access$200(DefaultLifecycleProcessor.java:54) ~[spring-context-5.3.22.jar:5.3.22]
	at org.springframework.context.support.DefaultLifecycleProcessor$LifecycleGroup.start(DefaultLifecycleProcessor.java:356) ~[spring-context-5.3.22.jar:5.3.22]
	at java.base/java.lang.Iterable.forEach(Iterable.java:75) ~[na:na]
	at org.springframework.context.support.DefaultLifecycleProcessor.startBeans(DefaultLifecycleProcessor.java:155) ~[spring-context-5.3.22.jar:5.3.22]
	at org.springframework.context.support.DefaultLifecycleProcessor.onRefresh(DefaultLifecycleProcessor.java:123) ~[spring-context-5.3.22.jar:5.3.22]
	at org.springframework.context.support.AbstractApplicationContext.finishRefresh(AbstractApplicationContext.java:935) ~[spring-context-5.3.22.jar:5.3.22]
	at org.springframework.context.support.AbstractApplicationContext.refresh(AbstractApplicationContext.java:586) ~[spring-context-5.3.22.jar:5.3.22]
	at org.springframework.boot.web.servlet.context.ServletWebServerApplicationContext.refresh(ServletWebServerApplicationContext.java:147) ~[spring-boot-2.7.3.jar:2.7.3]
	at org.springframework.boot.SpringApplication.refresh(SpringApplication.java:734) ~[spring-boot-2.7.3.jar:2.7.3]
	at org.springframework.boot.SpringApplication.refreshContext(SpringApplication.java:408) ~[spring-boot-2.7.3.jar:2.7.3]
	at org.springframework.boot.SpringApplication.run(SpringApplication.java:308) ~[spring-boot-2.7.3.jar:2.7.3]
	at org.springframework.boot.SpringApplication.run(SpringApplication.java:1306) ~[spring-boot-2.7.3.jar:2.7.3]
	at org.springframework.boot.SpringApplication.run(SpringApplication.java:1295) ~[spring-boot-2.7.3.jar:2.7.3]
	at com.cstery.chart.ChartApplication.main(ChartApplication.java:15) ~[classes/:na]
Caused by: java.lang.IllegalStateException: Multiple Dockets with the same group name are not supported. The following duplicate groups were discovered. 管理端图表相关接口文档
	at springfox.documentation.spring.web.plugins.DuplicateGroupsDetector.ensureNoDuplicateGroups(DuplicateGroupsDetector.java:49) ~[springfox-spring-web-2.10.5.jar:null]
	at springfox.documentation.spring.web.plugins.DocumentationPluginsManager.documentationPlugins(DocumentationPluginsManager.java:99) ~[springfox-spring-web-2.10.5.jar:null]
	at springfox.documentation.spring.web.plugins.AbstractDocumentationPluginsBootstrapper.bootstrapDocumentationPlugins(AbstractDocumentationPluginsBootstrapper.java:75) ~[springfox-spring-web-2.10.5.jar:null]
	at springfox.documentation.spring.web.plugins.DocumentationPluginsBootstrapper.start(DocumentationPluginsBootstrapper.java:94) ~[springfox-spring-web-2.10.5.jar:null]
	at org.springframework.context.support.DefaultLifecycleProcessor.doStart(DefaultLifecycleProcessor.java:178) ~[spring-context-5.3.22.jar:5.3.22]
	... 14 common frames omitted

00:14:45:332  WARN 6872 --- [Thread-5] c.a.nacos.common.notify.NotifyCenter     : [NotifyCenter] Start destroying Publisher
00:14:45:332  WARN 6872 --- [Thread-1] c.a.n.common.http.HttpClientBeanHolder   : [HttpClientBeanHolder] Start destroying common HttpClient
00:14:45:332  WARN 6872 --- [Thread-5] c.a.nacos.common.notify.NotifyCenter     : [NotifyCenter] Destruction of the end
00:14:45:333  WARN 6872 --- [Thread-1] c.a.n.common.http.HttpClientBeanHolder   : [HttpClientBeanHolder] Destruction of the end
00:15:36:781  INFO 12984 --- [main] com.cstery.chart.ChartApplication        : The following 1 profile is active: "dev"
00:15:37:776  INFO 12984 --- [main] o.s.cloud.context.scope.GenericScope     : BeanFactory id=f6de66ba-1b51-3341-a29d-1a5a61c53ec2
00:15:38:247  INFO 12984 --- [main] o.s.b.w.embedded.tomcat.TomcatWebServer  : Tomcat initialized with port(s): 8085 (http)
00:15:38:262  INFO 12984 --- [main] o.apache.catalina.core.StandardService   : Starting service [Tomcat]
00:15:38:263  INFO 12984 --- [main] org.apache.catalina.core.StandardEngine  : Starting Servlet engine: [Apache Tomcat/9.0.65]
00:15:38:428  INFO 12984 --- [main] o.a.c.c.C.[Tomcat].[localhost].[/]       : Initializing Spring embedded WebApplicationContext
00:15:38:428  INFO 12984 --- [main] w.s.c.ServletWebServerApplicationContext : Root WebApplicationContext: initialization completed in 1625 ms
00:15:38:702  INFO 12984 --- [main] o.s.c.openfeign.FeignClientFactoryBean   : For 'order-service' URL not provided. Will try picking an instance via load-balancing.
00:15:39:045  INFO 12984 --- [main] o.s.c.openfeign.FeignClientFactoryBean   : For 'user-service' URL not provided. Will try picking an instance via load-balancing.
00:15:39:772  INFO 12984 --- [main] pertySourcedRequestMappingHandlerMapping : Mapped URL path [/v2/api-docs] onto method [springfox.documentation.swagger2.web.Swagger2ControllerWebMvc#getDocumentation(String, HttpServletRequest)]
00:15:40:059  INFO 12984 --- [main] com.alibaba.nacos.common.remote.client   : [RpcClientFactory] create a new rpc client of fb77f7e1-d826-41f4-9422-0af560ac9544
00:15:40:059  INFO 12984 --- [main] com.alibaba.nacos.common.remote.client   : [fb77f7e1-d826-41f4-9422-0af560ac9544] RpcClient init label, labels = {module=naming, source=sdk}
00:15:40:062  INFO 12984 --- [main] com.alibaba.nacos.common.remote.client   : [fb77f7e1-d826-41f4-9422-0af560ac9544] RpcClient init, ServerListFactory = com.alibaba.nacos.client.naming.core.ServerListManager
00:15:40:062  INFO 12984 --- [main] com.alibaba.nacos.common.remote.client   : [fb77f7e1-d826-41f4-9422-0af560ac9544] Registry connection listener to current client:com.alibaba.nacos.client.naming.remote.gprc.redo.NamingGrpcRedoService
00:15:40:064  INFO 12984 --- [main] com.alibaba.nacos.common.remote.client   : [fb77f7e1-d826-41f4-9422-0af560ac9544] Register server push request handler:com.alibaba.nacos.client.naming.remote.gprc.NamingPushRequestHandler
00:15:40:065  INFO 12984 --- [main] com.alibaba.nacos.common.remote.client   : [fb77f7e1-d826-41f4-9422-0af560ac9544] Try to connect to server on start up, server: {serverIp = '192.168.88.156', server main port = 8848}
00:15:40:202  INFO 12984 --- [main] com.alibaba.nacos.common.remote.client   : [fb77f7e1-d826-41f4-9422-0af560ac9544] Success to connect to server [192.168.88.156:8848] on start up, connectionId = 1731082540014_192.168.88.147_51842
00:15:40:202  INFO 12984 --- [main] com.alibaba.nacos.common.remote.client   : [fb77f7e1-d826-41f4-9422-0af560ac9544] Register server push request handler:com.alibaba.nacos.common.remote.client.RpcClient$ConnectResetRequestHandler
00:15:40:202  INFO 12984 --- [com.alibaba.nacos.client.remote.worker] com.alibaba.nacos.common.remote.client   : [fb77f7e1-d826-41f4-9422-0af560ac9544] Notify connected event to listeners.
00:15:40:202  INFO 12984 --- [main] com.alibaba.nacos.common.remote.client   : [fb77f7e1-d826-41f4-9422-0af560ac9544] Register server push request handler:com.alibaba.nacos.common.remote.client.RpcClient$$Lambda$480/0x000001fb114d8000
00:15:40:265  INFO 12984 --- [main] o.s.b.w.embedded.tomcat.TomcatWebServer  : Tomcat started on port(s): 8085 (http) with context path ''
00:15:40:276  INFO 12984 --- [main] c.a.c.n.registry.NacosServiceRegistry    : nacos registry, DEFAULT_GROUP chart-service 192.168.88.147:8085 register finished
00:15:40:306  INFO 12984 --- [main] d.s.w.p.DocumentationPluginsBootstrapper : Documentation plugins bootstrapped
00:15:40:311  INFO 12984 --- [main] d.s.w.p.DocumentationPluginsBootstrapper : Found 2 custom documentation plugin(s)
00:15:40:346  INFO 12984 --- [main] s.d.s.w.s.ApiListingReferenceScanner     : Scanning for api listing references
00:15:40:483  INFO 12984 --- [main] s.d.s.w.s.ApiListingReferenceScanner     : Scanning for api listing references
00:15:40:494  INFO 12984 --- [main] .d.s.w.r.o.CachingOperationNameGenerator : Generating unique operation named: getChartUsingGET_1
00:15:40:503  INFO 12984 --- [main] .d.s.w.r.o.CachingOperationNameGenerator : Generating unique operation named: getReportUsingGET_1
00:15:40:512  INFO 12984 --- [main] com.cstery.chart.ChartApplication        : Started ChartApplication in 6.467 seconds (JVM running for 7.57)
00:15:40:523  INFO 12984 --- [main] c.a.c.n.refresh.NacosContextRefresher    : [Nacos Config] Listening config: dataId=chart-service, group=DEFAULT_GROUP
00:15:40:524  INFO 12984 --- [main] c.a.c.n.refresh.NacosContextRefresher    : [Nacos Config] Listening config: dataId=chart-service.yaml, group=DEFAULT_GROUP
00:15:40:524  INFO 12984 --- [main] c.a.c.n.refresh.NacosContextRefresher    : [Nacos Config] Listening config: dataId=chart-service-dev.yaml, group=DEFAULT_GROUP
00:15:40:778  INFO 12984 --- [nacos-grpc-client-executor-8] com.alibaba.nacos.common.remote.client   : [fb77f7e1-d826-41f4-9422-0af560ac9544] Receive server push request, request = NotifySubscriberRequest, requestId = 125
00:15:40:791  INFO 12984 --- [nacos-grpc-client-executor-8] com.alibaba.nacos.common.remote.client   : [fb77f7e1-d826-41f4-9422-0af560ac9544] Ack server push request, request = NotifySubscriberRequest, requestId = 125
00:15:47:012  INFO 12984 --- [http-nio-8085-exec-1] o.a.c.c.C.[Tomcat].[localhost].[/]       : Initializing Spring DispatcherServlet 'dispatcherServlet'
00:15:47:013  INFO 12984 --- [http-nio-8085-exec-1] o.s.web.servlet.DispatcherServlet        : Initializing Servlet 'dispatcherServlet'
00:15:47:015  INFO 12984 --- [http-nio-8085-exec-1] o.s.web.servlet.DispatcherServlet        : Completed initialization in 2 ms
00:18:48:139  WARN 12984 --- [Thread-5] c.a.nacos.common.notify.NotifyCenter     : [NotifyCenter] Start destroying Publisher
00:18:48:139  WARN 12984 --- [Thread-1] c.a.n.common.http.HttpClientBeanHolder   : [HttpClientBeanHolder] Start destroying common HttpClient
00:18:48:139  WARN 12984 --- [Thread-5] c.a.nacos.common.notify.NotifyCenter     : [NotifyCenter] Destruction of the end
00:18:48:141  WARN 12984 --- [Thread-1] c.a.n.common.http.HttpClientBeanHolder   : [HttpClientBeanHolder] Destruction of the end
00:18:48:202  INFO 12984 --- [SpringApplicationShutdownHook] c.a.c.n.registry.NacosServiceRegistry    : De-registering from Nacos Server now...
00:18:48:207  INFO 12984 --- [SpringApplicationShutdownHook] c.a.c.n.registry.NacosServiceRegistry    : De-registration finished.
00:18:48:535  INFO 12984 --- [SpringApplicationShutdownHook] com.alibaba.nacos.common.remote.client   : Shutdown rpc client, set status to shutdown
00:18:48:535  INFO 12984 --- [SpringApplicationShutdownHook] com.alibaba.nacos.common.remote.client   : Shutdown client event executor java.util.concurrent.ScheduledThreadPoolExecutor@612a2118[Running, pool size = 2, active threads = 2, queued tasks = 0, completed tasks = 0]
00:18:48:535  INFO 12984 --- [SpringApplicationShutdownHook] com.alibaba.nacos.common.remote.client   : Close current connection 1731082540014_192.168.88.147_51842
00:18:48:536  INFO 12984 --- [nacos-grpc-client-executor-51] c.a.n.c.remote.client.grpc.GrpcClient    : [1731082540014_192.168.88.147_51842]Ignore complete event,isRunning:false,isAbandon=false
00:18:48:543  INFO 12984 --- [SpringApplicationShutdownHook] c.a.n.c.remote.client.grpc.GrpcClient    : Shutdown grpc executor java.util.concurrent.ThreadPoolExecutor@129c6800[Running, pool size = 5, active threads = 0, queued tasks = 0, completed tasks = 52]
00:18:54:497  INFO 11460 --- [main] com.cstery.chart.ChartApplication        : The following 1 profile is active: "dev"
00:18:55:386  INFO 11460 --- [main] o.s.cloud.context.scope.GenericScope     : BeanFactory id=f6de66ba-1b51-3341-a29d-1a5a61c53ec2
00:18:55:795  INFO 11460 --- [main] o.s.b.w.embedded.tomcat.TomcatWebServer  : Tomcat initialized with port(s): 8085 (http)
00:18:55:807  INFO 11460 --- [main] o.apache.catalina.core.StandardService   : Starting service [Tomcat]
00:18:55:807  INFO 11460 --- [main] org.apache.catalina.core.StandardEngine  : Starting Servlet engine: [Apache Tomcat/9.0.65]
00:18:55:961  INFO 11460 --- [main] o.a.c.c.C.[Tomcat].[localhost].[/]       : Initializing Spring embedded WebApplicationContext
00:18:55:961  INFO 11460 --- [main] w.s.c.ServletWebServerApplicationContext : Root WebApplicationContext: initialization completed in 1441 ms
00:18:56:222  INFO 11460 --- [main] o.s.c.openfeign.FeignClientFactoryBean   : For 'order-service' URL not provided. Will try picking an instance via load-balancing.
00:18:56:560  INFO 11460 --- [main] o.s.c.openfeign.FeignClientFactoryBean   : For 'user-service' URL not provided. Will try picking an instance via load-balancing.
00:18:57:283  INFO 11460 --- [main] pertySourcedRequestMappingHandlerMapping : Mapped URL path [/v2/api-docs] onto method [springfox.documentation.swagger2.web.Swagger2ControllerWebMvc#getDocumentation(String, HttpServletRequest)]
00:18:57:584  INFO 11460 --- [main] com.alibaba.nacos.common.remote.client   : [RpcClientFactory] create a new rpc client of 33e95b2a-98ae-4aab-bccf-ab78d4b1a128
00:18:57:585  INFO 11460 --- [main] com.alibaba.nacos.common.remote.client   : [33e95b2a-98ae-4aab-bccf-ab78d4b1a128] RpcClient init label, labels = {module=naming, source=sdk}
00:18:57:587  INFO 11460 --- [main] com.alibaba.nacos.common.remote.client   : [33e95b2a-98ae-4aab-bccf-ab78d4b1a128] RpcClient init, ServerListFactory = com.alibaba.nacos.client.naming.core.ServerListManager
00:18:57:587  INFO 11460 --- [main] com.alibaba.nacos.common.remote.client   : [33e95b2a-98ae-4aab-bccf-ab78d4b1a128] Registry connection listener to current client:com.alibaba.nacos.client.naming.remote.gprc.redo.NamingGrpcRedoService
00:18:57:589  INFO 11460 --- [main] com.alibaba.nacos.common.remote.client   : [33e95b2a-98ae-4aab-bccf-ab78d4b1a128] Register server push request handler:com.alibaba.nacos.client.naming.remote.gprc.NamingPushRequestHandler
00:18:57:591  INFO 11460 --- [main] com.alibaba.nacos.common.remote.client   : [33e95b2a-98ae-4aab-bccf-ab78d4b1a128] Try to connect to server on start up, server: {serverIp = '192.168.88.156', server main port = 8848}
00:18:57:723  INFO 11460 --- [main] com.alibaba.nacos.common.remote.client   : [33e95b2a-98ae-4aab-bccf-ab78d4b1a128] Success to connect to server [192.168.88.156:8848] on start up, connectionId = 1731082737540_192.168.88.147_52089
00:18:57:724  INFO 11460 --- [main] com.alibaba.nacos.common.remote.client   : [33e95b2a-98ae-4aab-bccf-ab78d4b1a128] Register server push request handler:com.alibaba.nacos.common.remote.client.RpcClient$ConnectResetRequestHandler
00:18:57:724  INFO 11460 --- [com.alibaba.nacos.client.remote.worker] com.alibaba.nacos.common.remote.client   : [33e95b2a-98ae-4aab-bccf-ab78d4b1a128] Notify connected event to listeners.
00:18:57:724  INFO 11460 --- [main] com.alibaba.nacos.common.remote.client   : [33e95b2a-98ae-4aab-bccf-ab78d4b1a128] Register server push request handler:com.alibaba.nacos.common.remote.client.RpcClient$$Lambda$480/0x000001e2c54d6940
00:18:57:794  INFO 11460 --- [main] o.s.b.w.embedded.tomcat.TomcatWebServer  : Tomcat started on port(s): 8085 (http) with context path ''
00:18:57:807  INFO 11460 --- [main] c.a.c.n.registry.NacosServiceRegistry    : nacos registry, DEFAULT_GROUP chart-service 192.168.88.147:8085 register finished
00:18:57:836  INFO 11460 --- [main] d.s.w.p.DocumentationPluginsBootstrapper : Documentation plugins bootstrapped
00:18:57:842  INFO 11460 --- [main] d.s.w.p.DocumentationPluginsBootstrapper : Found 1 custom documentation plugin(s)
00:18:57:886  INFO 11460 --- [main] s.d.s.w.s.ApiListingReferenceScanner     : Scanning for api listing references
00:18:58:028  INFO 11460 --- [main] com.cstery.chart.ChartApplication        : Started ChartApplication in 6.424 seconds (JVM running for 7.5)
00:18:58:035  INFO 11460 --- [main] c.a.c.n.refresh.NacosContextRefresher    : [Nacos Config] Listening config: dataId=chart-service, group=DEFAULT_GROUP
00:18:58:036  INFO 11460 --- [main] c.a.c.n.refresh.NacosContextRefresher    : [Nacos Config] Listening config: dataId=chart-service.yaml, group=DEFAULT_GROUP
00:18:58:037  INFO 11460 --- [main] c.a.c.n.refresh.NacosContextRefresher    : [Nacos Config] Listening config: dataId=chart-service-dev.yaml, group=DEFAULT_GROUP
00:18:58:350  INFO 11460 --- [nacos-grpc-client-executor-6] com.alibaba.nacos.common.remote.client   : [33e95b2a-98ae-4aab-bccf-ab78d4b1a128] Receive server push request, request = NotifySubscriberRequest, requestId = 127
00:18:58:360  INFO 11460 --- [nacos-grpc-client-executor-6] com.alibaba.nacos.common.remote.client   : [33e95b2a-98ae-4aab-bccf-ab78d4b1a128] Ack server push request, request = NotifySubscriberRequest, requestId = 127
00:19:02:830  INFO 11460 --- [http-nio-8085-exec-1] o.a.c.c.C.[Tomcat].[localhost].[/]       : Initializing Spring DispatcherServlet 'dispatcherServlet'
00:19:02:831  INFO 11460 --- [http-nio-8085-exec-1] o.s.web.servlet.DispatcherServlet        : Initializing Servlet 'dispatcherServlet'
00:19:02:831  INFO 11460 --- [http-nio-8085-exec-1] o.s.web.servlet.DispatcherServlet        : Completed initialization in 0 ms
00:21:02:299  WARN 11460 --- [Thread-5] c.a.nacos.common.notify.NotifyCenter     : [NotifyCenter] Start destroying Publisher
00:21:02:299  WARN 11460 --- [Thread-1] c.a.n.common.http.HttpClientBeanHolder   : [HttpClientBeanHolder] Start destroying common HttpClient
00:21:02:299  WARN 11460 --- [Thread-5] c.a.nacos.common.notify.NotifyCenter     : [NotifyCenter] Destruction of the end
00:21:02:300  WARN 11460 --- [Thread-1] c.a.n.common.http.HttpClientBeanHolder   : [HttpClientBeanHolder] Destruction of the end
00:21:02:325  INFO 11460 --- [SpringApplicationShutdownHook] c.a.c.n.registry.NacosServiceRegistry    : De-registering from Nacos Server now...
00:21:02:330  INFO 11460 --- [SpringApplicationShutdownHook] c.a.c.n.registry.NacosServiceRegistry    : De-registration finished.
00:21:02:674  INFO 11460 --- [SpringApplicationShutdownHook] com.alibaba.nacos.common.remote.client   : Shutdown rpc client, set status to shutdown
00:21:02:675  INFO 11460 --- [SpringApplicationShutdownHook] com.alibaba.nacos.common.remote.client   : Shutdown client event executor java.util.concurrent.ScheduledThreadPoolExecutor@3fab8721[Running, pool size = 2, active threads = 2, queued tasks = 0, completed tasks = 0]
00:21:02:675  INFO 11460 --- [SpringApplicationShutdownHook] com.alibaba.nacos.common.remote.client   : Close current connection 1731082737540_192.168.88.147_52089
00:21:02:678  INFO 11460 --- [nacos-grpc-client-executor-39] c.a.n.c.remote.client.grpc.GrpcClient    : [1731082737540_192.168.88.147_52089]Ignore complete event,isRunning:false,isAbandon=false
00:21:02:680  INFO 11460 --- [SpringApplicationShutdownHook] c.a.n.c.remote.client.grpc.GrpcClient    : Shutdown grpc executor java.util.concurrent.ThreadPoolExecutor@2a9e8cfd[Running, pool size = 6, active threads = 0, queued tasks = 0, completed tasks = 40]
00:21:08:074  INFO 1824 --- [main] com.cstery.chart.ChartApplication        : The following 1 profile is active: "dev"
00:21:09:164  INFO 1824 --- [main] o.s.cloud.context.scope.GenericScope     : BeanFactory id=f6de66ba-1b51-3341-a29d-1a5a61c53ec2
00:21:09:618  INFO 1824 --- [main] o.s.b.w.embedded.tomcat.TomcatWebServer  : Tomcat initialized with port(s): 8085 (http)
00:21:09:630  INFO 1824 --- [main] o.apache.catalina.core.StandardService   : Starting service [Tomcat]
00:21:09:630  INFO 1824 --- [main] org.apache.catalina.core.StandardEngine  : Starting Servlet engine: [Apache Tomcat/9.0.65]
00:21:09:772  INFO 1824 --- [main] o.a.c.c.C.[Tomcat].[localhost].[/]       : Initializing Spring embedded WebApplicationContext
00:21:09:772  INFO 1824 --- [main] w.s.c.ServletWebServerApplicationContext : Root WebApplicationContext: initialization completed in 1676 ms
00:21:10:036  INFO 1824 --- [main] o.s.c.openfeign.FeignClientFactoryBean   : For 'order-service' URL not provided. Will try picking an instance via load-balancing.
00:21:10:360  INFO 1824 --- [main] o.s.c.openfeign.FeignClientFactoryBean   : For 'user-service' URL not provided. Will try picking an instance via load-balancing.
00:21:11:071  INFO 1824 --- [main] pertySourcedRequestMappingHandlerMapping : Mapped URL path [/v2/api-docs] onto method [springfox.documentation.swagger2.web.Swagger2ControllerWebMvc#getDocumentation(String, HttpServletRequest)]
00:21:11:351  INFO 1824 --- [main] com.alibaba.nacos.common.remote.client   : [RpcClientFactory] create a new rpc client of 4b90b65e-3a44-4ad5-949e-6c13e3eb8bc6
00:21:11:351  INFO 1824 --- [main] com.alibaba.nacos.common.remote.client   : [4b90b65e-3a44-4ad5-949e-6c13e3eb8bc6] RpcClient init label, labels = {module=naming, source=sdk}
00:21:11:353  INFO 1824 --- [main] com.alibaba.nacos.common.remote.client   : [4b90b65e-3a44-4ad5-949e-6c13e3eb8bc6] RpcClient init, ServerListFactory = com.alibaba.nacos.client.naming.core.ServerListManager
00:21:11:354  INFO 1824 --- [main] com.alibaba.nacos.common.remote.client   : [4b90b65e-3a44-4ad5-949e-6c13e3eb8bc6] Registry connection listener to current client:com.alibaba.nacos.client.naming.remote.gprc.redo.NamingGrpcRedoService
00:21:11:354  INFO 1824 --- [main] com.alibaba.nacos.common.remote.client   : [4b90b65e-3a44-4ad5-949e-6c13e3eb8bc6] Register server push request handler:com.alibaba.nacos.client.naming.remote.gprc.NamingPushRequestHandler
00:21:11:355  INFO 1824 --- [main] com.alibaba.nacos.common.remote.client   : [4b90b65e-3a44-4ad5-949e-6c13e3eb8bc6] Try to connect to server on start up, server: {serverIp = '192.168.88.156', server main port = 8848}
00:21:11:475  INFO 1824 --- [main] com.alibaba.nacos.common.remote.client   : [4b90b65e-3a44-4ad5-949e-6c13e3eb8bc6] Success to connect to server [192.168.88.156:8848] on start up, connectionId = 1731082871303_192.168.88.147_52216
00:21:11:475  INFO 1824 --- [main] com.alibaba.nacos.common.remote.client   : [4b90b65e-3a44-4ad5-949e-6c13e3eb8bc6] Register server push request handler:com.alibaba.nacos.common.remote.client.RpcClient$ConnectResetRequestHandler
00:21:11:475  INFO 1824 --- [com.alibaba.nacos.client.remote.worker] com.alibaba.nacos.common.remote.client   : [4b90b65e-3a44-4ad5-949e-6c13e3eb8bc6] Notify connected event to listeners.
00:21:11:475  INFO 1824 --- [main] com.alibaba.nacos.common.remote.client   : [4b90b65e-3a44-4ad5-949e-6c13e3eb8bc6] Register server push request handler:com.alibaba.nacos.common.remote.client.RpcClient$$Lambda$480/0x000001b8014d6fa0
00:21:11:537  INFO 1824 --- [main] o.s.b.w.embedded.tomcat.TomcatWebServer  : Tomcat started on port(s): 8085 (http) with context path ''
00:21:11:547  INFO 1824 --- [main] c.a.c.n.registry.NacosServiceRegistry    : nacos registry, DEFAULT_GROUP chart-service 192.168.88.147:8085 register finished
00:21:11:579  INFO 1824 --- [main] d.s.w.p.DocumentationPluginsBootstrapper : Documentation plugins bootstrapped
00:21:11:585  INFO 1824 --- [main] d.s.w.p.DocumentationPluginsBootstrapper : Found 1 custom documentation plugin(s)
00:21:11:618  INFO 1824 --- [main] s.d.s.w.s.ApiListingReferenceScanner     : Scanning for api listing references
00:21:11:764  INFO 1824 --- [main] com.cstery.chart.ChartApplication        : Started ChartApplication in 6.44 seconds (JVM running for 7.442)
00:21:11:771  INFO 1824 --- [main] c.a.c.n.refresh.NacosContextRefresher    : [Nacos Config] Listening config: dataId=chart-service, group=DEFAULT_GROUP
00:21:11:771  INFO 1824 --- [main] c.a.c.n.refresh.NacosContextRefresher    : [Nacos Config] Listening config: dataId=chart-service.yaml, group=DEFAULT_GROUP
00:21:11:772  INFO 1824 --- [main] c.a.c.n.refresh.NacosContextRefresher    : [Nacos Config] Listening config: dataId=chart-service-dev.yaml, group=DEFAULT_GROUP
00:21:12:102  INFO 1824 --- [nacos-grpc-client-executor-7] com.alibaba.nacos.common.remote.client   : [4b90b65e-3a44-4ad5-949e-6c13e3eb8bc6] Receive server push request, request = NotifySubscriberRequest, requestId = 130
00:21:12:115  INFO 1824 --- [nacos-grpc-client-executor-7] com.alibaba.nacos.common.remote.client   : [4b90b65e-3a44-4ad5-949e-6c13e3eb8bc6] Ack server push request, request = NotifySubscriberRequest, requestId = 130
00:21:15:722  INFO 1824 --- [http-nio-8085-exec-1] o.a.c.c.C.[Tomcat].[localhost].[/]       : Initializing Spring DispatcherServlet 'dispatcherServlet'
00:21:15:722  INFO 1824 --- [http-nio-8085-exec-1] o.s.web.servlet.DispatcherServlet        : Initializing Servlet 'dispatcherServlet'
00:21:15:725  INFO 1824 --- [http-nio-8085-exec-1] o.s.web.servlet.DispatcherServlet        : Completed initialization in 3 ms
00:24:47:896  WARN 1824 --- [Thread-5] c.a.nacos.common.notify.NotifyCenter     : [NotifyCenter] Start destroying Publisher
00:24:47:896  WARN 1824 --- [Thread-1] c.a.n.common.http.HttpClientBeanHolder   : [HttpClientBeanHolder] Start destroying common HttpClient
00:24:47:900  WARN 1824 --- [Thread-5] c.a.nacos.common.notify.NotifyCenter     : [NotifyCenter] Destruction of the end
00:24:47:903  WARN 1824 --- [Thread-1] c.a.n.common.http.HttpClientBeanHolder   : [HttpClientBeanHolder] Destruction of the end
00:24:47:992  INFO 1824 --- [SpringApplicationShutdownHook] c.a.c.n.registry.NacosServiceRegistry    : De-registering from Nacos Server now...
00:24:47:998  INFO 1824 --- [SpringApplicationShutdownHook] c.a.c.n.registry.NacosServiceRegistry    : De-registration finished.
00:24:48:325  INFO 1824 --- [SpringApplicationShutdownHook] com.alibaba.nacos.common.remote.client   : Shutdown rpc client, set status to shutdown
00:24:48:326  INFO 1824 --- [SpringApplicationShutdownHook] com.alibaba.nacos.common.remote.client   : Shutdown client event executor java.util.concurrent.ScheduledThreadPoolExecutor@423dc98f[Running, pool size = 2, active threads = 2, queued tasks = 0, completed tasks = 0]
00:24:48:326  INFO 1824 --- [SpringApplicationShutdownHook] com.alibaba.nacos.common.remote.client   : Close current connection 1731082871303_192.168.88.147_52216
00:24:48:329  INFO 1824 --- [nacos-grpc-client-executor-55] c.a.n.c.remote.client.grpc.GrpcClient    : [1731082871303_192.168.88.147_52216]Ignore complete event,isRunning:false,isAbandon=false
00:24:48:343  INFO 1824 --- [SpringApplicationShutdownHook] c.a.n.c.remote.client.grpc.GrpcClient    : Shutdown grpc executor java.util.concurrent.ThreadPoolExecutor@4591bb5e[Running, pool size = 5, active threads = 0, queued tasks = 0, completed tasks = 56]
00:24:58:371  INFO 15104 --- [main] com.cstery.chart.ChartApplication        : The following 1 profile is active: "dev"
00:24:59:475  INFO 15104 --- [main] o.s.cloud.context.scope.GenericScope     : BeanFactory id=f6de66ba-1b51-3341-a29d-1a5a61c53ec2
00:24:59:922  INFO 15104 --- [main] o.s.b.w.embedded.tomcat.TomcatWebServer  : Tomcat initialized with port(s): 8085 (http)
00:24:59:936  INFO 15104 --- [main] o.apache.catalina.core.StandardService   : Starting service [Tomcat]
00:24:59:937  INFO 15104 --- [main] org.apache.catalina.core.StandardEngine  : Starting Servlet engine: [Apache Tomcat/9.0.65]
00:25:00:103  INFO 15104 --- [main] o.a.c.c.C.[Tomcat].[localhost].[/]       : Initializing Spring embedded WebApplicationContext
00:25:00:103  INFO 15104 --- [main] w.s.c.ServletWebServerApplicationContext : Root WebApplicationContext: initialization completed in 1709 ms
00:25:00:354  INFO 15104 --- [main] o.s.c.openfeign.FeignClientFactoryBean   : For 'order-service' URL not provided. Will try picking an instance via load-balancing.
00:25:00:710  INFO 15104 --- [main] o.s.c.openfeign.FeignClientFactoryBean   : For 'user-service' URL not provided. Will try picking an instance via load-balancing.
00:25:01:482  INFO 15104 --- [main] pertySourcedRequestMappingHandlerMapping : Mapped URL path [/v2/api-docs] onto method [springfox.documentation.swagger2.web.Swagger2ControllerWebMvc#getDocumentation(String, HttpServletRequest)]
00:25:01:802  INFO 15104 --- [main] com.alibaba.nacos.common.remote.client   : [RpcClientFactory] create a new rpc client of 1e817aa1-703a-46db-9edc-36076276514d
00:25:01:802  INFO 15104 --- [main] com.alibaba.nacos.common.remote.client   : [1e817aa1-703a-46db-9edc-36076276514d] RpcClient init label, labels = {module=naming, source=sdk}
00:25:01:805  INFO 15104 --- [main] com.alibaba.nacos.common.remote.client   : [1e817aa1-703a-46db-9edc-36076276514d] RpcClient init, ServerListFactory = com.alibaba.nacos.client.naming.core.ServerListManager
00:25:01:805  INFO 15104 --- [main] com.alibaba.nacos.common.remote.client   : [1e817aa1-703a-46db-9edc-36076276514d] Registry connection listener to current client:com.alibaba.nacos.client.naming.remote.gprc.redo.NamingGrpcRedoService
00:25:01:807  INFO 15104 --- [main] com.alibaba.nacos.common.remote.client   : [1e817aa1-703a-46db-9edc-36076276514d] Register server push request handler:com.alibaba.nacos.client.naming.remote.gprc.NamingPushRequestHandler
00:25:01:808  INFO 15104 --- [main] com.alibaba.nacos.common.remote.client   : [1e817aa1-703a-46db-9edc-36076276514d] Try to connect to server on start up, server: {serverIp = '192.168.88.156', server main port = 8848}
00:25:01:932  INFO 15104 --- [main] com.alibaba.nacos.common.remote.client   : [1e817aa1-703a-46db-9edc-36076276514d] Success to connect to server [192.168.88.156:8848] on start up, connectionId = 1731083101755_192.168.88.147_52681
00:25:01:932  INFO 15104 --- [main] com.alibaba.nacos.common.remote.client   : [1e817aa1-703a-46db-9edc-36076276514d] Register server push request handler:com.alibaba.nacos.common.remote.client.RpcClient$ConnectResetRequestHandler
00:25:01:932  INFO 15104 --- [com.alibaba.nacos.client.remote.worker] com.alibaba.nacos.common.remote.client   : [1e817aa1-703a-46db-9edc-36076276514d] Notify connected event to listeners.
00:25:01:933  INFO 15104 --- [main] com.alibaba.nacos.common.remote.client   : [1e817aa1-703a-46db-9edc-36076276514d] Register server push request handler:com.alibaba.nacos.common.remote.client.RpcClient$$Lambda$480/0x00000239bc4d62e8
00:25:02:010  INFO 15104 --- [main] o.s.b.w.embedded.tomcat.TomcatWebServer  : Tomcat started on port(s): 8085 (http) with context path ''
00:25:02:028  INFO 15104 --- [main] c.a.c.n.registry.NacosServiceRegistry    : nacos registry, DEFAULT_GROUP chart-service 192.168.88.147:8085 register finished
00:25:02:060  INFO 15104 --- [main] d.s.w.p.DocumentationPluginsBootstrapper : Documentation plugins bootstrapped
00:25:02:066  INFO 15104 --- [main] d.s.w.p.DocumentationPluginsBootstrapper : Found 1 custom documentation plugin(s)
00:25:02:102  INFO 15104 --- [main] s.d.s.w.s.ApiListingReferenceScanner     : Scanning for api listing references
00:25:02:238  INFO 15104 --- [main] com.cstery.chart.ChartApplication        : Started ChartApplication in 6.801 seconds (JVM running for 8.023)
00:25:02:251  INFO 15104 --- [main] c.a.c.n.refresh.NacosContextRefresher    : [Nacos Config] Listening config: dataId=chart-service, group=DEFAULT_GROUP
00:25:02:251  INFO 15104 --- [main] c.a.c.n.refresh.NacosContextRefresher    : [Nacos Config] Listening config: dataId=chart-service.yaml, group=DEFAULT_GROUP
00:25:02:252  INFO 15104 --- [main] c.a.c.n.refresh.NacosContextRefresher    : [Nacos Config] Listening config: dataId=chart-service-dev.yaml, group=DEFAULT_GROUP
00:25:02:551  INFO 15104 --- [nacos-grpc-client-executor-7] com.alibaba.nacos.common.remote.client   : [1e817aa1-703a-46db-9edc-36076276514d] Receive server push request, request = NotifySubscriberRequest, requestId = 133
00:25:02:563  INFO 15104 --- [nacos-grpc-client-executor-7] com.alibaba.nacos.common.remote.client   : [1e817aa1-703a-46db-9edc-36076276514d] Ack server push request, request = NotifySubscriberRequest, requestId = 133
00:25:33:231  INFO 15104 --- [http-nio-8085-exec-1] o.a.c.c.C.[Tomcat].[localhost].[/]       : Initializing Spring DispatcherServlet 'dispatcherServlet'
00:25:33:231  INFO 15104 --- [http-nio-8085-exec-1] o.s.web.servlet.DispatcherServlet        : Initializing Servlet 'dispatcherServlet'
00:25:33:231  INFO 15104 --- [http-nio-8085-exec-1] o.s.web.servlet.DispatcherServlet        : Completed initialization in 0 ms
00:26:02:893  WARN 15104 --- [Thread-1] c.a.n.common.http.HttpClientBeanHolder   : [HttpClientBeanHolder] Start destroying common HttpClient
00:26:02:893  WARN 15104 --- [Thread-5] c.a.nacos.common.notify.NotifyCenter     : [NotifyCenter] Start destroying Publisher
00:26:02:893  WARN 15104 --- [Thread-5] c.a.nacos.common.notify.NotifyCenter     : [NotifyCenter] Destruction of the end
00:26:02:894  WARN 15104 --- [Thread-1] c.a.n.common.http.HttpClientBeanHolder   : [HttpClientBeanHolder] Destruction of the end
00:26:02:954  INFO 15104 --- [SpringApplicationShutdownHook] c.a.c.n.registry.NacosServiceRegistry    : De-registering from Nacos Server now...
00:26:02:960  INFO 15104 --- [SpringApplicationShutdownHook] c.a.c.n.registry.NacosServiceRegistry    : De-registration finished.
00:26:02:991  INFO 15104 --- [SpringApplicationShutdownHook] com.alibaba.nacos.common.remote.client   : Shutdown rpc client, set status to shutdown
00:26:02:991  INFO 15104 --- [SpringApplicationShutdownHook] com.alibaba.nacos.common.remote.client   : Shutdown client event executor java.util.concurrent.ScheduledThreadPoolExecutor@623101f6[Running, pool size = 2, active threads = 2, queued tasks = 0, completed tasks = 0]
00:26:02:991  INFO 15104 --- [SpringApplicationShutdownHook] com.alibaba.nacos.common.remote.client   : Close current connection 1731083101755_192.168.88.147_52681
00:26:02:995  INFO 15104 --- [nacos-grpc-client-executor-22] c.a.n.c.remote.client.grpc.GrpcClient    : [1731083101755_192.168.88.147_52681]Ignore complete event,isRunning:false,isAbandon=false
00:26:02:998  INFO 15104 --- [SpringApplicationShutdownHook] c.a.n.c.remote.client.grpc.GrpcClient    : Shutdown grpc executor java.util.concurrent.ThreadPoolExecutor@333ef1e0[Running, pool size = 5, active threads = 0, queued tasks = 0, completed tasks = 23]
00:26:12:617  INFO 9476 --- [main] com.cstery.chart.ChartApplication        : The following 1 profile is active: "dev"
00:26:13:750  INFO 9476 --- [main] o.s.cloud.context.scope.GenericScope     : BeanFactory id=f6de66ba-1b51-3341-a29d-1a5a61c53ec2
00:26:14:224  INFO 9476 --- [main] o.s.b.w.embedded.tomcat.TomcatWebServer  : Tomcat initialized with port(s): 8085 (http)
00:26:14:242  INFO 9476 --- [main] o.apache.catalina.core.StandardService   : Starting service [Tomcat]
00:26:14:242  INFO 9476 --- [main] org.apache.catalina.core.StandardEngine  : Starting Servlet engine: [Apache Tomcat/9.0.65]
00:26:14:413  INFO 9476 --- [main] o.a.c.c.C.[Tomcat].[localhost].[/]       : Initializing Spring embedded WebApplicationContext
00:26:14:413  INFO 9476 --- [main] w.s.c.ServletWebServerApplicationContext : Root WebApplicationContext: initialization completed in 1774 ms
00:26:14:674  INFO 9476 --- [main] o.s.c.openfeign.FeignClientFactoryBean   : For 'order-service' URL not provided. Will try picking an instance via load-balancing.
00:26:14:988  INFO 9476 --- [main] o.s.c.openfeign.FeignClientFactoryBean   : For 'user-service' URL not provided. Will try picking an instance via load-balancing.
00:26:15:695  INFO 9476 --- [main] pertySourcedRequestMappingHandlerMapping : Mapped URL path [/v2/api-docs] onto method [springfox.documentation.swagger2.web.Swagger2ControllerWebMvc#getDocumentation(String, HttpServletRequest)]
00:26:15:974  INFO 9476 --- [main] com.alibaba.nacos.common.remote.client   : [RpcClientFactory] create a new rpc client of 9bab2823-d5c9-49ab-9251-3003c4ba4069
00:26:15:975  INFO 9476 --- [main] com.alibaba.nacos.common.remote.client   : [9bab2823-d5c9-49ab-9251-3003c4ba4069] RpcClient init label, labels = {module=naming, source=sdk}
00:26:15:977  INFO 9476 --- [main] com.alibaba.nacos.common.remote.client   : [9bab2823-d5c9-49ab-9251-3003c4ba4069] RpcClient init, ServerListFactory = com.alibaba.nacos.client.naming.core.ServerListManager
00:26:15:978  INFO 9476 --- [main] com.alibaba.nacos.common.remote.client   : [9bab2823-d5c9-49ab-9251-3003c4ba4069] Registry connection listener to current client:com.alibaba.nacos.client.naming.remote.gprc.redo.NamingGrpcRedoService
00:26:15:978  INFO 9476 --- [main] com.alibaba.nacos.common.remote.client   : [9bab2823-d5c9-49ab-9251-3003c4ba4069] Register server push request handler:com.alibaba.nacos.client.naming.remote.gprc.NamingPushRequestHandler
00:26:15:979  INFO 9476 --- [main] com.alibaba.nacos.common.remote.client   : [9bab2823-d5c9-49ab-9251-3003c4ba4069] Try to connect to server on start up, server: {serverIp = '192.168.88.156', server main port = 8848}
00:26:16:106  INFO 9476 --- [main] com.alibaba.nacos.common.remote.client   : [9bab2823-d5c9-49ab-9251-3003c4ba4069] Success to connect to server [192.168.88.156:8848] on start up, connectionId = 1731083175927_192.168.88.147_52886
00:26:16:106  INFO 9476 --- [main] com.alibaba.nacos.common.remote.client   : [9bab2823-d5c9-49ab-9251-3003c4ba4069] Register server push request handler:com.alibaba.nacos.common.remote.client.RpcClient$ConnectResetRequestHandler
00:26:16:106  INFO 9476 --- [com.alibaba.nacos.client.remote.worker] com.alibaba.nacos.common.remote.client   : [9bab2823-d5c9-49ab-9251-3003c4ba4069] Notify connected event to listeners.
00:26:16:106  INFO 9476 --- [main] com.alibaba.nacos.common.remote.client   : [9bab2823-d5c9-49ab-9251-3003c4ba4069] Register server push request handler:com.alibaba.nacos.common.remote.client.RpcClient$$Lambda$480/0x00000215c44d9450
00:26:16:175  INFO 9476 --- [main] o.s.b.w.embedded.tomcat.TomcatWebServer  : Tomcat started on port(s): 8085 (http) with context path ''
00:26:16:184  INFO 9476 --- [main] c.a.c.n.registry.NacosServiceRegistry    : nacos registry, DEFAULT_GROUP chart-service 192.168.88.147:8085 register finished
00:26:16:216  INFO 9476 --- [main] d.s.w.p.DocumentationPluginsBootstrapper : Documentation plugins bootstrapped
00:26:16:222  INFO 9476 --- [main] d.s.w.p.DocumentationPluginsBootstrapper : Found 1 custom documentation plugin(s)
00:26:16:252  INFO 9476 --- [main] s.d.s.w.s.ApiListingReferenceScanner     : Scanning for api listing references
00:26:16:392  INFO 9476 --- [main] com.cstery.chart.ChartApplication        : Started ChartApplication in 6.856 seconds (JVM running for 7.968)
00:26:16:399  INFO 9476 --- [main] c.a.c.n.refresh.NacosContextRefresher    : [Nacos Config] Listening config: dataId=chart-service, group=DEFAULT_GROUP
00:26:16:399  INFO 9476 --- [main] c.a.c.n.refresh.NacosContextRefresher    : [Nacos Config] Listening config: dataId=chart-service.yaml, group=DEFAULT_GROUP
00:26:16:400  INFO 9476 --- [main] c.a.c.n.refresh.NacosContextRefresher    : [Nacos Config] Listening config: dataId=chart-service-dev.yaml, group=DEFAULT_GROUP
00:26:16:715  INFO 9476 --- [nacos-grpc-client-executor-7] com.alibaba.nacos.common.remote.client   : [9bab2823-d5c9-49ab-9251-3003c4ba4069] Receive server push request, request = NotifySubscriberRequest, requestId = 137
00:26:16:724  INFO 9476 --- [nacos-grpc-client-executor-7] com.alibaba.nacos.common.remote.client   : [9bab2823-d5c9-49ab-9251-3003c4ba4069] Ack server push request, request = NotifySubscriberRequest, requestId = 137
00:26:20:961  INFO 9476 --- [http-nio-8085-exec-1] o.a.c.c.C.[Tomcat].[localhost].[/]       : Initializing Spring DispatcherServlet 'dispatcherServlet'
00:26:20:961  INFO 9476 --- [http-nio-8085-exec-1] o.s.web.servlet.DispatcherServlet        : Initializing Servlet 'dispatcherServlet'
00:26:20:962  INFO 9476 --- [http-nio-8085-exec-1] o.s.web.servlet.DispatcherServlet        : Completed initialization in 0 ms
00:29:23:514  WARN 9476 --- [Thread-5] c.a.nacos.common.notify.NotifyCenter     : [NotifyCenter] Start destroying Publisher
00:29:23:513  WARN 9476 --- [Thread-1] c.a.n.common.http.HttpClientBeanHolder   : [HttpClientBeanHolder] Start destroying common HttpClient
00:29:23:533  WARN 9476 --- [Thread-5] c.a.nacos.common.notify.NotifyCenter     : [NotifyCenter] Destruction of the end
00:29:23:537  WARN 9476 --- [Thread-1] c.a.n.common.http.HttpClientBeanHolder   : [HttpClientBeanHolder] Destruction of the end
00:29:23:684  INFO 9476 --- [SpringApplicationShutdownHook] c.a.c.n.registry.NacosServiceRegistry    : De-registering from Nacos Server now...
00:29:23:690  INFO 9476 --- [SpringApplicationShutdownHook] c.a.c.n.registry.NacosServiceRegistry    : De-registration finished.
00:29:24:026  INFO 9476 --- [SpringApplicationShutdownHook] com.alibaba.nacos.common.remote.client   : Shutdown rpc client, set status to shutdown
00:29:24:028  INFO 9476 --- [SpringApplicationShutdownHook] com.alibaba.nacos.common.remote.client   : Shutdown client event executor java.util.concurrent.ScheduledThreadPoolExecutor@40e918a6[Running, pool size = 2, active threads = 2, queued tasks = 0, completed tasks = 0]
00:29:24:028  INFO 9476 --- [SpringApplicationShutdownHook] com.alibaba.nacos.common.remote.client   : Close current connection 1731083175927_192.168.88.147_52886
00:29:24:029  INFO 9476 --- [nacos-grpc-client-executor-49] c.a.n.c.remote.client.grpc.GrpcClient    : [1731083175927_192.168.88.147_52886]Ignore complete event,isRunning:false,isAbandon=false
00:29:24:041  INFO 9476 --- [SpringApplicationShutdownHook] c.a.n.c.remote.client.grpc.GrpcClient    : Shutdown grpc executor java.util.concurrent.ThreadPoolExecutor@4ce16cfa[Running, pool size = 5, active threads = 0, queued tasks = 0, completed tasks = 50]
00:29:33:071  INFO 7344 --- [main] com.cstery.chart.ChartApplication        : The following 1 profile is active: "dev"
00:29:34:047  INFO 7344 --- [main] o.s.cloud.context.scope.GenericScope     : BeanFactory id=f6de66ba-1b51-3341-a29d-1a5a61c53ec2
00:29:34:479  INFO 7344 --- [main] o.s.b.w.embedded.tomcat.TomcatWebServer  : Tomcat initialized with port(s): 8085 (http)
00:29:34:492  INFO 7344 --- [main] o.apache.catalina.core.StandardService   : Starting service [Tomcat]
00:29:34:492  INFO 7344 --- [main] org.apache.catalina.core.StandardEngine  : Starting Servlet engine: [Apache Tomcat/9.0.65]
00:29:34:641  INFO 7344 --- [main] o.a.c.c.C.[Tomcat].[localhost].[/]       : Initializing Spring embedded WebApplicationContext
00:29:34:642  INFO 7344 --- [main] w.s.c.ServletWebServerApplicationContext : Root WebApplicationContext: initialization completed in 1551 ms
00:29:34:872  INFO 7344 --- [main] o.s.c.openfeign.FeignClientFactoryBean   : For 'order-service' URL not provided. Will try picking an instance via load-balancing.
00:29:35:202  INFO 7344 --- [main] o.s.c.openfeign.FeignClientFactoryBean   : For 'user-service' URL not provided. Will try picking an instance via load-balancing.
00:29:35:966  INFO 7344 --- [main] pertySourcedRequestMappingHandlerMapping : Mapped URL path [/v2/api-docs] onto method [springfox.documentation.swagger2.web.Swagger2ControllerWebMvc#getDocumentation(String, HttpServletRequest)]
00:29:36:247  INFO 7344 --- [main] com.alibaba.nacos.common.remote.client   : [RpcClientFactory] create a new rpc client of 2f662ffa-28e7-4655-bcf8-d2f30f92d21a
00:29:36:248  INFO 7344 --- [main] com.alibaba.nacos.common.remote.client   : [2f662ffa-28e7-4655-bcf8-d2f30f92d21a] RpcClient init label, labels = {module=naming, source=sdk}
00:29:36:250  INFO 7344 --- [main] com.alibaba.nacos.common.remote.client   : [2f662ffa-28e7-4655-bcf8-d2f30f92d21a] RpcClient init, ServerListFactory = com.alibaba.nacos.client.naming.core.ServerListManager
00:29:36:250  INFO 7344 --- [main] com.alibaba.nacos.common.remote.client   : [2f662ffa-28e7-4655-bcf8-d2f30f92d21a] Registry connection listener to current client:com.alibaba.nacos.client.naming.remote.gprc.redo.NamingGrpcRedoService
00:29:36:251  INFO 7344 --- [main] com.alibaba.nacos.common.remote.client   : [2f662ffa-28e7-4655-bcf8-d2f30f92d21a] Register server push request handler:com.alibaba.nacos.client.naming.remote.gprc.NamingPushRequestHandler
00:29:36:252  INFO 7344 --- [main] com.alibaba.nacos.common.remote.client   : [2f662ffa-28e7-4655-bcf8-d2f30f92d21a] Try to connect to server on start up, server: {serverIp = '192.168.88.156', server main port = 8848}
00:29:36:379  INFO 7344 --- [main] com.alibaba.nacos.common.remote.client   : [2f662ffa-28e7-4655-bcf8-d2f30f92d21a] Success to connect to server [192.168.88.156:8848] on start up, connectionId = 1731083376198_192.168.88.147_53247
00:29:36:379  INFO 7344 --- [main] com.alibaba.nacos.common.remote.client   : [2f662ffa-28e7-4655-bcf8-d2f30f92d21a] Register server push request handler:com.alibaba.nacos.common.remote.client.RpcClient$ConnectResetRequestHandler
00:29:36:379  INFO 7344 --- [com.alibaba.nacos.client.remote.worker] com.alibaba.nacos.common.remote.client   : [2f662ffa-28e7-4655-bcf8-d2f30f92d21a] Notify connected event to listeners.
00:29:36:379  INFO 7344 --- [main] com.alibaba.nacos.common.remote.client   : [2f662ffa-28e7-4655-bcf8-d2f30f92d21a] Register server push request handler:com.alibaba.nacos.common.remote.client.RpcClient$$Lambda$480/0x0000023a814da290
00:29:36:449  INFO 7344 --- [main] o.s.b.w.embedded.tomcat.TomcatWebServer  : Tomcat started on port(s): 8085 (http) with context path ''
00:29:36:462  INFO 7344 --- [main] c.a.c.n.registry.NacosServiceRegistry    : nacos registry, DEFAULT_GROUP chart-service 192.168.88.147:8085 register finished
00:29:36:496  INFO 7344 --- [main] d.s.w.p.DocumentationPluginsBootstrapper : Documentation plugins bootstrapped
00:29:36:502  INFO 7344 --- [main] d.s.w.p.DocumentationPluginsBootstrapper : Found 1 custom documentation plugin(s)
00:29:36:535  INFO 7344 --- [main] s.d.s.w.s.ApiListingReferenceScanner     : Scanning for api listing references
00:29:36:698  INFO 7344 --- [main] com.cstery.chart.ChartApplication        : Started ChartApplication in 6.514 seconds (JVM running for 7.678)
00:29:36:708  INFO 7344 --- [main] c.a.c.n.refresh.NacosContextRefresher    : [Nacos Config] Listening config: dataId=chart-service, group=DEFAULT_GROUP
00:29:36:708  INFO 7344 --- [main] c.a.c.n.refresh.NacosContextRefresher    : [Nacos Config] Listening config: dataId=chart-service.yaml, group=DEFAULT_GROUP
00:29:36:709  INFO 7344 --- [main] c.a.c.n.refresh.NacosContextRefresher    : [Nacos Config] Listening config: dataId=chart-service-dev.yaml, group=DEFAULT_GROUP
00:29:36:917  INFO 7344 --- [nacos-grpc-client-executor-6] com.alibaba.nacos.common.remote.client   : [2f662ffa-28e7-4655-bcf8-d2f30f92d21a] Receive server push request, request = NotifySubscriberRequest, requestId = 139
00:29:36:929  INFO 7344 --- [nacos-grpc-client-executor-6] com.alibaba.nacos.common.remote.client   : [2f662ffa-28e7-4655-bcf8-d2f30f92d21a] Ack server push request, request = NotifySubscriberRequest, requestId = 139
00:30:12:975  WARN 7344 --- [Thread-1] c.a.n.common.http.HttpClientBeanHolder   : [HttpClientBeanHolder] Start destroying common HttpClient
00:30:12:976  WARN 7344 --- [Thread-5] c.a.nacos.common.notify.NotifyCenter     : [NotifyCenter] Start destroying Publisher
00:30:12:977  WARN 7344 --- [Thread-5] c.a.nacos.common.notify.NotifyCenter     : [NotifyCenter] Destruction of the end
00:30:12:978  WARN 7344 --- [Thread-1] c.a.n.common.http.HttpClientBeanHolder   : [HttpClientBeanHolder] Destruction of the end
00:30:13:034  INFO 7344 --- [SpringApplicationShutdownHook] c.a.c.n.registry.NacosServiceRegistry    : De-registering from Nacos Server now...
00:30:13:039  INFO 7344 --- [SpringApplicationShutdownHook] c.a.c.n.registry.NacosServiceRegistry    : De-registration finished.
00:30:13:372  INFO 7344 --- [SpringApplicationShutdownHook] com.alibaba.nacos.common.remote.client   : Shutdown rpc client, set status to shutdown
00:30:13:372  INFO 7344 --- [SpringApplicationShutdownHook] com.alibaba.nacos.common.remote.client   : Shutdown client event executor java.util.concurrent.ScheduledThreadPoolExecutor@5ad0f94f[Running, pool size = 2, active threads = 2, queued tasks = 0, completed tasks = 0]
00:30:13:372  INFO 7344 --- [SpringApplicationShutdownHook] com.alibaba.nacos.common.remote.client   : Close current connection 1731083376198_192.168.88.147_53247
00:30:13:375  INFO 7344 --- [nacos-grpc-client-executor-16] c.a.n.c.remote.client.grpc.GrpcClient    : [1731083376198_192.168.88.147_53247]Ignore complete event,isRunning:false,isAbandon=false
00:30:13:382  INFO 7344 --- [SpringApplicationShutdownHook] c.a.n.c.remote.client.grpc.GrpcClient    : Shutdown grpc executor java.util.concurrent.ThreadPoolExecutor@6e22bde7[Running, pool size = 5, active threads = 0, queued tasks = 0, completed tasks = 17]
00:30:23:055  INFO 3720 --- [main] com.cstery.chart.ChartApplication        : The following 1 profile is active: "dev"
00:30:24:044  INFO 3720 --- [main] o.s.cloud.context.scope.GenericScope     : BeanFactory id=f6de66ba-1b51-3341-a29d-1a5a61c53ec2
00:30:24:488  INFO 3720 --- [main] o.s.b.w.embedded.tomcat.TomcatWebServer  : Tomcat initialized with port(s): 8085 (http)
00:30:24:501  INFO 3720 --- [main] o.apache.catalina.core.StandardService   : Starting service [Tomcat]
00:30:24:502  INFO 3720 --- [main] org.apache.catalina.core.StandardEngine  : Starting Servlet engine: [Apache Tomcat/9.0.65]
00:30:24:664  INFO 3720 --- [main] o.a.c.c.C.[Tomcat].[localhost].[/]       : Initializing Spring embedded WebApplicationContext
00:30:24:665  INFO 3720 --- [main] w.s.c.ServletWebServerApplicationContext : Root WebApplicationContext: initialization completed in 1588 ms
00:30:24:945  INFO 3720 --- [main] o.s.c.openfeign.FeignClientFactoryBean   : For 'order-service' URL not provided. Will try picking an instance via load-balancing.
00:30:25:342  INFO 3720 --- [main] o.s.c.openfeign.FeignClientFactoryBean   : For 'user-service' URL not provided. Will try picking an instance via load-balancing.
00:30:26:052  INFO 3720 --- [main] pertySourcedRequestMappingHandlerMapping : Mapped URL path [/v2/api-docs] onto method [springfox.documentation.swagger2.web.Swagger2ControllerWebMvc#getDocumentation(String, HttpServletRequest)]
00:30:26:377  INFO 3720 --- [main] com.alibaba.nacos.common.remote.client   : [RpcClientFactory] create a new rpc client of b8df4bb7-aa51-4bdc-9e58-5ba98483769d
00:30:26:377  INFO 3720 --- [main] com.alibaba.nacos.common.remote.client   : [b8df4bb7-aa51-4bdc-9e58-5ba98483769d] RpcClient init label, labels = {module=naming, source=sdk}
00:30:26:381  INFO 3720 --- [main] com.alibaba.nacos.common.remote.client   : [b8df4bb7-aa51-4bdc-9e58-5ba98483769d] RpcClient init, ServerListFactory = com.alibaba.nacos.client.naming.core.ServerListManager
00:30:26:381  INFO 3720 --- [main] com.alibaba.nacos.common.remote.client   : [b8df4bb7-aa51-4bdc-9e58-5ba98483769d] Registry connection listener to current client:com.alibaba.nacos.client.naming.remote.gprc.redo.NamingGrpcRedoService
00:30:26:382  INFO 3720 --- [main] com.alibaba.nacos.common.remote.client   : [b8df4bb7-aa51-4bdc-9e58-5ba98483769d] Register server push request handler:com.alibaba.nacos.client.naming.remote.gprc.NamingPushRequestHandler
00:30:26:383  INFO 3720 --- [main] com.alibaba.nacos.common.remote.client   : [b8df4bb7-aa51-4bdc-9e58-5ba98483769d] Try to connect to server on start up, server: {serverIp = '192.168.88.156', server main port = 8848}
00:30:26:507  INFO 3720 --- [main] com.alibaba.nacos.common.remote.client   : [b8df4bb7-aa51-4bdc-9e58-5ba98483769d] Success to connect to server [192.168.88.156:8848] on start up, connectionId = 1731083426330_192.168.88.147_53333
00:30:26:507  INFO 3720 --- [main] com.alibaba.nacos.common.remote.client   : [b8df4bb7-aa51-4bdc-9e58-5ba98483769d] Register server push request handler:com.alibaba.nacos.common.remote.client.RpcClient$ConnectResetRequestHandler
00:30:26:507  INFO 3720 --- [com.alibaba.nacos.client.remote.worker] com.alibaba.nacos.common.remote.client   : [b8df4bb7-aa51-4bdc-9e58-5ba98483769d] Notify connected event to listeners.
00:30:26:507  INFO 3720 --- [main] com.alibaba.nacos.common.remote.client   : [b8df4bb7-aa51-4bdc-9e58-5ba98483769d] Register server push request handler:com.alibaba.nacos.common.remote.client.RpcClient$$Lambda$480/0x00000280014da0a0
00:30:26:574  INFO 3720 --- [main] o.s.b.w.embedded.tomcat.TomcatWebServer  : Tomcat started on port(s): 8085 (http) with context path ''
00:30:26:586  INFO 3720 --- [main] c.a.c.n.registry.NacosServiceRegistry    : nacos registry, DEFAULT_GROUP chart-service 192.168.88.147:8085 register finished
00:30:26:617  INFO 3720 --- [main] d.s.w.p.DocumentationPluginsBootstrapper : Documentation plugins bootstrapped
00:30:26:623  INFO 3720 --- [main] d.s.w.p.DocumentationPluginsBootstrapper : Found 1 custom documentation plugin(s)
00:30:26:658  INFO 3720 --- [main] s.d.s.w.s.ApiListingReferenceScanner     : Scanning for api listing references
00:30:26:798  INFO 3720 --- [main] com.cstery.chart.ChartApplication        : Started ChartApplication in 6.74 seconds (JVM running for 7.874)
00:30:26:806  INFO 3720 --- [main] c.a.c.n.refresh.NacosContextRefresher    : [Nacos Config] Listening config: dataId=chart-service, group=DEFAULT_GROUP
00:30:26:807  INFO 3720 --- [main] c.a.c.n.refresh.NacosContextRefresher    : [Nacos Config] Listening config: dataId=chart-service.yaml, group=DEFAULT_GROUP
00:30:26:808  INFO 3720 --- [main] c.a.c.n.refresh.NacosContextRefresher    : [Nacos Config] Listening config: dataId=chart-service-dev.yaml, group=DEFAULT_GROUP
00:30:27:075  INFO 3720 --- [nacos-grpc-client-executor-6] com.alibaba.nacos.common.remote.client   : [b8df4bb7-aa51-4bdc-9e58-5ba98483769d] Receive server push request, request = NotifySubscriberRequest, requestId = 142
00:30:27:086  INFO 3720 --- [nacos-grpc-client-executor-6] com.alibaba.nacos.common.remote.client   : [b8df4bb7-aa51-4bdc-9e58-5ba98483769d] Ack server push request, request = NotifySubscriberRequest, requestId = 142
00:30:34:357  INFO 3720 --- [http-nio-8085-exec-1] o.a.c.c.C.[Tomcat].[localhost].[/]       : Initializing Spring DispatcherServlet 'dispatcherServlet'
00:30:34:358  INFO 3720 --- [http-nio-8085-exec-1] o.s.web.servlet.DispatcherServlet        : Initializing Servlet 'dispatcherServlet'
00:30:34:360  INFO 3720 --- [http-nio-8085-exec-1] o.s.web.servlet.DispatcherServlet        : Completed initialization in 2 ms
00:44:16:180  WARN 3720 --- [Thread-5] c.a.nacos.common.notify.NotifyCenter     : [NotifyCenter] Start destroying Publisher
00:44:16:181  WARN 3720 --- [Thread-1] c.a.n.common.http.HttpClientBeanHolder   : [HttpClientBeanHolder] Start destroying common HttpClient
00:44:16:192  WARN 3720 --- [Thread-5] c.a.nacos.common.notify.NotifyCenter     : [NotifyCenter] Destruction of the end
00:44:16:198  WARN 3720 --- [Thread-1] c.a.n.common.http.HttpClientBeanHolder   : [HttpClientBeanHolder] Destruction of the end
00:44:16:384  INFO 3720 --- [SpringApplicationShutdownHook] c.a.c.n.registry.NacosServiceRegistry    : De-registering from Nacos Server now...
00:44:16:393  INFO 3720 --- [SpringApplicationShutdownHook] c.a.c.n.registry.NacosServiceRegistry    : De-registration finished.
00:44:16:741  INFO 3720 --- [SpringApplicationShutdownHook] com.alibaba.nacos.common.remote.client   : Shutdown rpc client, set status to shutdown
00:44:16:741  INFO 3720 --- [SpringApplicationShutdownHook] com.alibaba.nacos.common.remote.client   : Shutdown client event executor java.util.concurrent.ScheduledThreadPoolExecutor@6819df1b[Running, pool size = 2, active threads = 2, queued tasks = 0, completed tasks = 0]
00:44:16:742  INFO 3720 --- [SpringApplicationShutdownHook] com.alibaba.nacos.common.remote.client   : Close current connection 1731083426330_192.168.88.147_53333
00:44:16:746  INFO 3720 --- [nacos-grpc-client-executor-181] c.a.n.c.remote.client.grpc.GrpcClient    : [1731083426330_192.168.88.147_53333]Ignore complete event,isRunning:false,isAbandon=false
00:44:16:768  INFO 3720 --- [SpringApplicationShutdownHook] c.a.n.c.remote.client.grpc.GrpcClient    : Shutdown grpc executor java.util.concurrent.ThreadPoolExecutor@2f9ad769[Running, pool size = 5, active threads = 0, queued tasks = 0, completed tasks = 182]
